\BOOKMARK [0][-]{chapter.1}{Objetivos de este trabajo}{}% 1
\BOOKMARK [0][-]{chapter.2}{Introducci\363n}{}% 2
\BOOKMARK [0][-]{chapter.3}{Botnets}{}% 3
\BOOKMARK [1][-]{section.3.1}{Ejemplos de botnets}{chapter.3}% 4
\BOOKMARK [0][-]{chapter.4}{Ataques de Denegaci\363n de Servicio}{}% 5
\BOOKMARK [1][-]{section.4.1}{Nivel de red}{chapter.4}% 6
\BOOKMARK [2][-]{subsection.4.1.1}{Inundaci\363n SYN}{section.4.1}% 7
\BOOKMARK [2][-]{subsection.4.1.2}{Inundaci\363n NTP}{section.4.1}% 8
\BOOKMARK [1][-]{section.4.2}{Nivel de aplicaci\363n}{chapter.4}% 9
\BOOKMARK [2][-]{subsection.4.2.1}{Ataques de inundaci\363n de sesi\363n}{section.4.2}% 10
\BOOKMARK [2][-]{subsection.4.2.2}{Ataques de inundaci\363n de peticiones}{section.4.2}% 11
\BOOKMARK [2][-]{subsection.4.2.3}{Ataques Request/Response lenta}{section.4.2}% 12
\BOOKMARK [1][-]{section.4.3}{Hitos en la historia de los ataques de denegaci\363n de servicio}{chapter.4}% 13
\BOOKMARK [0][-]{chapter.5}{Estrategias defensivas}{}% 14
\BOOKMARK [1][-]{section.5.1}{Prevenci\363n}{chapter.5}% 15
\BOOKMARK [1][-]{section.5.2}{Detecci\363n}{chapter.5}% 16
\BOOKMARK [1][-]{section.5.3}{Identificaci\363n del origen}{chapter.5}% 17
\BOOKMARK [1][-]{section.5.4}{Mitigaci\363n}{chapter.5}% 18
\BOOKMARK [0][-]{chapter.6}{M\351todos de evaluaci\363n}{}% 19
\BOOKMARK [0][-]{chapter.7}{Valoraci\363n personal}{}% 20
