This is pdfTeX, Version 3.1415926-2.5-1.40.14 (TeX Live 2013) (format=pdflatex 2013.8.31)  29 JUN 2016 21:43
entering extended mode
 restricted \write18 enabled.
 %&-line parsing enabled.
**thesis.tex
(./thesis.tex
LaTeX2e <2011/06/27>
Babel <3.9f> and hyphenation patterns for 78 languages loaded.
(/usr/local/texlive/2013/texmf-dist/tex/latex/base/book.cls
Document Class: book 2007/10/19 v1.4h Standard LaTeX document class
(/usr/local/texlive/2013/texmf-dist/tex/latex/base/bk12.clo
File: bk12.clo 2007/10/19 v1.4h Standard LaTeX file (size option)
)
\c@part=\count79
\c@chapter=\count80
\c@section=\count81
\c@subsection=\count82
\c@subsubsection=\count83
\c@paragraph=\count84
\c@subparagraph=\count85
\c@figure=\count86
\c@table=\count87
\abovecaptionskip=\skip41
\belowcaptionskip=\skip42
\bibindent=\dimen102
)
(/usr/local/texlive/2013/texmf-dist/tex/latex/setspace/setspace.sty
Package: setspace 2011/12/19 v6.7a set line spacing
)
(/usr/local/texlive/2013/texmf-dist/tex/latex/caption/caption.sty
Package: caption 2013/05/02 v3.3-89 Customizing captions (AR)

(/usr/local/texlive/2013/texmf-dist/tex/latex/caption/caption3.sty
Package: caption3 2013/05/02 v1.6-88 caption3 kernel (AR)
Package caption3 Info: TeX engine: e-TeX on input line 57.

(/usr/local/texlive/2013/texmf-dist/tex/latex/graphics/keyval.sty
Package: keyval 1999/03/16 v1.13 key=value parser (DPC)
\KV@toks@=\toks14
)
\captionmargin=\dimen103
\captionmargin@=\dimen104
\captionwidth=\dimen105
\caption@tempdima=\dimen106
\caption@indent=\dimen107
\caption@parindent=\dimen108
\caption@hangindent=\dimen109
)
\c@ContinuedFloat=\count88
)
(/usr/local/texlive/2013/texmf-dist/tex/latex/base/inputenc.sty
Package: inputenc 2008/03/30 v1.1d Input encoding file
\inpenc@prehook=\toks15
\inpenc@posthook=\toks16

(/usr/local/texlive/2013/texmf-dist/tex/latex/base/utf8.def
File: utf8.def 2008/04/05 v1.1m UTF-8 support for inputenc
Now handling font encoding OML ...
... no UTF-8 mapping file for font encoding OML
Now handling font encoding T1 ...
... processing UTF-8 mapping file for font encoding T1

(/usr/local/texlive/2013/texmf-dist/tex/latex/base/t1enc.dfu
File: t1enc.dfu 2008/04/05 v1.1m UTF-8 support for inputenc
   defining Unicode char U+00A1 (decimal 161)
   defining Unicode char U+00A3 (decimal 163)
   defining Unicode char U+00AB (decimal 171)
   defining Unicode char U+00BB (decimal 187)
   defining Unicode char U+00BF (decimal 191)
   defining Unicode char U+00C0 (decimal 192)
   defining Unicode char U+00C1 (decimal 193)
   defining Unicode char U+00C2 (decimal 194)
   defining Unicode char U+00C3 (decimal 195)
   defining Unicode char U+00C4 (decimal 196)
   defining Unicode char U+00C5 (decimal 197)
   defining Unicode char U+00C6 (decimal 198)
   defining Unicode char U+00C7 (decimal 199)
   defining Unicode char U+00C8 (decimal 200)
   defining Unicode char U+00C9 (decimal 201)
   defining Unicode char U+00CA (decimal 202)
   defining Unicode char U+00CB (decimal 203)
   defining Unicode char U+00CC (decimal 204)
   defining Unicode char U+00CD (decimal 205)
   defining Unicode char U+00CE (decimal 206)
   defining Unicode char U+00CF (decimal 207)
   defining Unicode char U+00D0 (decimal 208)
   defining Unicode char U+00D1 (decimal 209)
   defining Unicode char U+00D2 (decimal 210)
   defining Unicode char U+00D3 (decimal 211)
   defining Unicode char U+00D4 (decimal 212)
   defining Unicode char U+00D5 (decimal 213)
   defining Unicode char U+00D6 (decimal 214)
   defining Unicode char U+00D8 (decimal 216)
   defining Unicode char U+00D9 (decimal 217)
   defining Unicode char U+00DA (decimal 218)
   defining Unicode char U+00DB (decimal 219)
   defining Unicode char U+00DC (decimal 220)
   defining Unicode char U+00DD (decimal 221)
   defining Unicode char U+00DE (decimal 222)
   defining Unicode char U+00DF (decimal 223)
   defining Unicode char U+00E0 (decimal 224)
   defining Unicode char U+00E1 (decimal 225)
   defining Unicode char U+00E2 (decimal 226)
   defining Unicode char U+00E3 (decimal 227)
   defining Unicode char U+00E4 (decimal 228)
   defining Unicode char U+00E5 (decimal 229)
   defining Unicode char U+00E6 (decimal 230)
   defining Unicode char U+00E7 (decimal 231)
   defining Unicode char U+00E8 (decimal 232)
   defining Unicode char U+00E9 (decimal 233)
   defining Unicode char U+00EA (decimal 234)
   defining Unicode char U+00EB (decimal 235)
   defining Unicode char U+00EC (decimal 236)
   defining Unicode char U+00ED (decimal 237)
   defining Unicode char U+00EE (decimal 238)
   defining Unicode char U+00EF (decimal 239)
   defining Unicode char U+00F0 (decimal 240)
   defining Unicode char U+00F1 (decimal 241)
   defining Unicode char U+00F2 (decimal 242)
   defining Unicode char U+00F3 (decimal 243)
   defining Unicode char U+00F4 (decimal 244)
   defining Unicode char U+00F5 (decimal 245)
   defining Unicode char U+00F6 (decimal 246)
   defining Unicode char U+00F8 (decimal 248)
   defining Unicode char U+00F9 (decimal 249)
   defining Unicode char U+00FA (decimal 250)
   defining Unicode char U+00FB (decimal 251)
   defining Unicode char U+00FC (decimal 252)
   defining Unicode char U+00FD (decimal 253)
   defining Unicode char U+00FE (decimal 254)
   defining Unicode char U+00FF (decimal 255)
   defining Unicode char U+0102 (decimal 258)
   defining Unicode char U+0103 (decimal 259)
   defining Unicode char U+0104 (decimal 260)
   defining Unicode char U+0105 (decimal 261)
   defining Unicode char U+0106 (decimal 262)
   defining Unicode char U+0107 (decimal 263)
   defining Unicode char U+010C (decimal 268)
   defining Unicode char U+010D (decimal 269)
   defining Unicode char U+010E (decimal 270)
   defining Unicode char U+010F (decimal 271)
   defining Unicode char U+0110 (decimal 272)
   defining Unicode char U+0111 (decimal 273)
   defining Unicode char U+0118 (decimal 280)
   defining Unicode char U+0119 (decimal 281)
   defining Unicode char U+011A (decimal 282)
   defining Unicode char U+011B (decimal 283)
   defining Unicode char U+011E (decimal 286)
   defining Unicode char U+011F (decimal 287)
   defining Unicode char U+0130 (decimal 304)
   defining Unicode char U+0131 (decimal 305)
   defining Unicode char U+0132 (decimal 306)
   defining Unicode char U+0133 (decimal 307)
   defining Unicode char U+0139 (decimal 313)
   defining Unicode char U+013A (decimal 314)
   defining Unicode char U+013D (decimal 317)
   defining Unicode char U+013E (decimal 318)
   defining Unicode char U+0141 (decimal 321)
   defining Unicode char U+0142 (decimal 322)
   defining Unicode char U+0143 (decimal 323)
   defining Unicode char U+0144 (decimal 324)
   defining Unicode char U+0147 (decimal 327)
   defining Unicode char U+0148 (decimal 328)
   defining Unicode char U+014A (decimal 330)
   defining Unicode char U+014B (decimal 331)
   defining Unicode char U+0150 (decimal 336)
   defining Unicode char U+0151 (decimal 337)
   defining Unicode char U+0152 (decimal 338)
   defining Unicode char U+0153 (decimal 339)
   defining Unicode char U+0154 (decimal 340)
   defining Unicode char U+0155 (decimal 341)
   defining Unicode char U+0158 (decimal 344)
   defining Unicode char U+0159 (decimal 345)
   defining Unicode char U+015A (decimal 346)
   defining Unicode char U+015B (decimal 347)
   defining Unicode char U+015E (decimal 350)
   defining Unicode char U+015F (decimal 351)
   defining Unicode char U+0160 (decimal 352)
   defining Unicode char U+0161 (decimal 353)
   defining Unicode char U+0162 (decimal 354)
   defining Unicode char U+0163 (decimal 355)
   defining Unicode char U+0164 (decimal 356)
   defining Unicode char U+0165 (decimal 357)
   defining Unicode char U+016E (decimal 366)
   defining Unicode char U+016F (decimal 367)
   defining Unicode char U+0170 (decimal 368)
   defining Unicode char U+0171 (decimal 369)
   defining Unicode char U+0178 (decimal 376)
   defining Unicode char U+0179 (decimal 377)
   defining Unicode char U+017A (decimal 378)
   defining Unicode char U+017B (decimal 379)
   defining Unicode char U+017C (decimal 380)
   defining Unicode char U+017D (decimal 381)
   defining Unicode char U+017E (decimal 382)
   defining Unicode char U+200C (decimal 8204)
   defining Unicode char U+2013 (decimal 8211)
   defining Unicode char U+2014 (decimal 8212)
   defining Unicode char U+2018 (decimal 8216)
   defining Unicode char U+2019 (decimal 8217)
   defining Unicode char U+201A (decimal 8218)
   defining Unicode char U+201C (decimal 8220)
   defining Unicode char U+201D (decimal 8221)
   defining Unicode char U+201E (decimal 8222)
   defining Unicode char U+2030 (decimal 8240)
   defining Unicode char U+2031 (decimal 8241)
   defining Unicode char U+2039 (decimal 8249)
   defining Unicode char U+203A (decimal 8250)
   defining Unicode char U+2423 (decimal 9251)
)
Now handling font encoding OT1 ...
... processing UTF-8 mapping file for font encoding OT1

(/usr/local/texlive/2013/texmf-dist/tex/latex/base/ot1enc.dfu
File: ot1enc.dfu 2008/04/05 v1.1m UTF-8 support for inputenc
   defining Unicode char U+00A1 (decimal 161)
   defining Unicode char U+00A3 (decimal 163)
   defining Unicode char U+00B8 (decimal 184)
   defining Unicode char U+00BF (decimal 191)
   defining Unicode char U+00C5 (decimal 197)
   defining Unicode char U+00C6 (decimal 198)
   defining Unicode char U+00D8 (decimal 216)
   defining Unicode char U+00DF (decimal 223)
   defining Unicode char U+00E6 (decimal 230)
   defining Unicode char U+00EC (decimal 236)
   defining Unicode char U+00ED (decimal 237)
   defining Unicode char U+00EE (decimal 238)
   defining Unicode char U+00EF (decimal 239)
   defining Unicode char U+00F8 (decimal 248)
   defining Unicode char U+0131 (decimal 305)
   defining Unicode char U+0141 (decimal 321)
   defining Unicode char U+0142 (decimal 322)
   defining Unicode char U+0152 (decimal 338)
   defining Unicode char U+0153 (decimal 339)
   defining Unicode char U+2013 (decimal 8211)
   defining Unicode char U+2014 (decimal 8212)
   defining Unicode char U+2018 (decimal 8216)
   defining Unicode char U+2019 (decimal 8217)
   defining Unicode char U+201C (decimal 8220)
   defining Unicode char U+201D (decimal 8221)
)
Now handling font encoding OMS ...
... processing UTF-8 mapping file for font encoding OMS

(/usr/local/texlive/2013/texmf-dist/tex/latex/base/omsenc.dfu
File: omsenc.dfu 2008/04/05 v1.1m UTF-8 support for inputenc
   defining Unicode char U+00A7 (decimal 167)
   defining Unicode char U+00B6 (decimal 182)
   defining Unicode char U+00B7 (decimal 183)
   defining Unicode char U+2020 (decimal 8224)
   defining Unicode char U+2021 (decimal 8225)
   defining Unicode char U+2022 (decimal 8226)
)
Now handling font encoding OMX ...
... no UTF-8 mapping file for font encoding OMX
Now handling font encoding U ...
... no UTF-8 mapping file for font encoding U
   defining Unicode char U+00A9 (decimal 169)
   defining Unicode char U+00AA (decimal 170)
   defining Unicode char U+00AE (decimal 174)
   defining Unicode char U+00BA (decimal 186)
   defining Unicode char U+02C6 (decimal 710)
   defining Unicode char U+02DC (decimal 732)
   defining Unicode char U+200C (decimal 8204)
   defining Unicode char U+2026 (decimal 8230)
   defining Unicode char U+2122 (decimal 8482)
   defining Unicode char U+2423 (decimal 9251)
))
(/usr/local/texlive/2013/texmf-dist/tex/generic/babel/babel.sty
Package: babel 2013/05/16 v3.9f The Babel package

(/usr/local/texlive/2013/texmf-dist/tex/generic/babel-spanish/spanish.ldf
Language: spanish.ldf 2010/05/23 v5.0j Spanish support from the babel system

(/usr/local/texlive/2013/texmf-dist/tex/generic/babel/babel.def
File: babel.def 2013/05/16 v3.9f Babel common definitions
\babel@savecnt=\count89
\U@D=\dimen110
)
\es@datefmt=\count90
\es@quottoks=\toks17
\es@quotdepth=\count91
Package babel Info: Making " an active character on input line 495.
Package babel Info: Making . an active character on input line 588.
Package babel Info: Making < an active character on input line 633.
Package babel Info: Making > an active character on input line 633.
))
(/usr/local/texlive/2013/texmf-dist/tex/latex/base/latexsym.sty
Package: latexsym 1998/08/17 v2.2e Standard LaTeX package (lasy symbols)
\symlasy=\mathgroup4
LaTeX Font Info:    Overwriting symbol font `lasy' in version `bold'
(Font)                  U/lasy/m/n --> U/lasy/b/n on input line 47.
)
(/usr/local/texlive/2013/texmf-dist/tex/latex/amsfonts/amsfonts.sty
Package: amsfonts 2013/01/14 v3.01 Basic AMSFonts support
\@emptytoks=\toks18
\symAMSa=\mathgroup5
\symAMSb=\mathgroup6
LaTeX Font Info:    Overwriting math alphabet `\mathfrak' in version `bold'
(Font)                  U/euf/m/n --> U/euf/b/n on input line 106.
)
(/usr/local/texlive/2013/texmf-dist/tex/latex/amsmath/amsmath.sty
Package: amsmath 2013/01/14 v2.14 AMS math features
\@mathmargin=\skip43

For additional information on amsmath, use the `?' option.
(/usr/local/texlive/2013/texmf-dist/tex/latex/amsmath/amstext.sty
Package: amstext 2000/06/29 v2.01

(/usr/local/texlive/2013/texmf-dist/tex/latex/amsmath/amsgen.sty
File: amsgen.sty 1999/11/30 v2.0
\@emptytoks=\toks19
\ex@=\dimen111
))
(/usr/local/texlive/2013/texmf-dist/tex/latex/amsmath/amsbsy.sty
Package: amsbsy 1999/11/29 v1.2d
\pmbraise@=\dimen112
)
(/usr/local/texlive/2013/texmf-dist/tex/latex/amsmath/amsopn.sty
Package: amsopn 1999/12/14 v2.01 operator names
)
\inf@bad=\count92
LaTeX Info: Redefining \frac on input line 210.
\uproot@=\count93
\leftroot@=\count94
LaTeX Info: Redefining \overline on input line 306.
\classnum@=\count95
\DOTSCASE@=\count96
LaTeX Info: Redefining \ldots on input line 378.
LaTeX Info: Redefining \dots on input line 381.
LaTeX Info: Redefining \cdots on input line 466.
\Mathstrutbox@=\box26
\strutbox@=\box27
\big@size=\dimen113
LaTeX Font Info:    Redeclaring font encoding OML on input line 566.
LaTeX Font Info:    Redeclaring font encoding OMS on input line 567.
\macc@depth=\count97
\c@MaxMatrixCols=\count98
\dotsspace@=\muskip10
\c@parentequation=\count99
\dspbrk@lvl=\count100
\tag@help=\toks20
\row@=\count101
\column@=\count102
\maxfields@=\count103
\andhelp@=\toks21
\eqnshift@=\dimen114
\alignsep@=\dimen115
\tagshift@=\dimen116
\tagwidth@=\dimen117
\totwidth@=\dimen118
\lineht@=\dimen119
\@envbody=\toks22
\multlinegap=\skip44
\multlinetaggap=\skip45
\mathdisplay@stack=\toks23
LaTeX Info: Redefining \[ on input line 2665.
LaTeX Info: Redefining \] on input line 2666.
)
(/usr/local/texlive/2013/texmf-dist/tex/latex/rotating/rotating.sty
Package: rotating 2009/03/28 v2.16a rotated objects in LaTeX

(/usr/local/texlive/2013/texmf-dist/tex/latex/graphics/graphicx.sty
Package: graphicx 1999/02/16 v1.0f Enhanced LaTeX Graphics (DPC,SPQR)

(/usr/local/texlive/2013/texmf-dist/tex/latex/graphics/graphics.sty
Package: graphics 2009/02/05 v1.0o Standard LaTeX Graphics (DPC,SPQR)

(/usr/local/texlive/2013/texmf-dist/tex/latex/graphics/trig.sty
Package: trig 1999/03/16 v1.09 sin cos tan (DPC)
)
(/usr/local/texlive/2013/texmf-dist/tex/latex/latexconfig/graphics.cfg
File: graphics.cfg 2010/04/23 v1.9 graphics configuration of TeX Live
)
Package graphics Info: Driver file: pdftex.def on input line 91.

(/usr/local/texlive/2013/texmf-dist/tex/latex/pdftex-def/pdftex.def
File: pdftex.def 2011/05/27 v0.06d Graphics/color for pdfTeX

(/usr/local/texlive/2013/texmf-dist/tex/generic/oberdiek/infwarerr.sty
Package: infwarerr 2010/04/08 v1.3 Providing info/warning/error messages (HO)
)
(/usr/local/texlive/2013/texmf-dist/tex/generic/oberdiek/ltxcmds.sty
Package: ltxcmds 2011/11/09 v1.22 LaTeX kernel commands for general use (HO)
)
\Gread@gobject=\count104
))
\Gin@req@height=\dimen120
\Gin@req@width=\dimen121
)
(/usr/local/texlive/2013/texmf-dist/tex/latex/base/ifthen.sty
Package: ifthen 2001/05/26 v1.1c Standard LaTeX ifthen package (DPC)
)
\c@r@tfl@t=\count105
\rotFPtop=\skip46
\rotFPbot=\skip47
\rot@float@box=\box28
\rot@mess@toks=\toks24
)
(/usr/local/texlive/2013/texmf-dist/tex/latex/url/url.sty
\Urlmuskip=\muskip11
Package: url 2006/04/12  ver 3.3  Verb mode for urls, etc.
)
(/usr/local/texlive/2013/texmf-dist/tex/latex/lkproof/proof.sty
\inferLineSkip=\dimen122
\inferLabelSkip=\dimen123
\@LeftOffset=\dimen124
\@RightOffset=\dimen125
\@SavedLeftOffset=\dimen126
\UpperWidth=\dimen127
\LowerWidth=\dimen128
\LowerHeight=\dimen129
\UpperLeftOffset=\dimen130
\UpperRightOffset=\dimen131
\UpperCenter=\dimen132
\LowerCenter=\dimen133
\UpperAdjust=\dimen134
\RuleAdjust=\dimen135
\LowerAdjust=\dimen136
\RuleWidth=\dimen137
\HLabelAdjust=\dimen138
\VLabelAdjust=\dimen139
\WidthAdjust=\dimen140
\@UpperPart=\box29
\@LowerPart=\box30
\@LabelPart=\box31
\ResultBox=\box32
)
(/usr/local/texlive/2013/texmf-dist/tex/latex/base/alltt.sty
Package: alltt 1997/06/16 v2.0g defines alltt environment
)
(/usr/local/texlive/2013/texmf-dist/tex/latex/hyperref/hyperref.sty
Package: hyperref 2012/11/06 v6.83m Hypertext links for LaTeX

(/usr/local/texlive/2013/texmf-dist/tex/generic/oberdiek/hobsub-hyperref.sty
Package: hobsub-hyperref 2012/05/28 v1.13 Bundle oberdiek, subset hyperref (HO)


(/usr/local/texlive/2013/texmf-dist/tex/generic/oberdiek/hobsub-generic.sty
Package: hobsub-generic 2012/05/28 v1.13 Bundle oberdiek, subset generic (HO)
Package: hobsub 2012/05/28 v1.13 Construct package bundles (HO)
Package hobsub Info: Skipping package `infwarerr' (already loaded).
Package hobsub Info: Skipping package `ltxcmds' (already loaded).
Package: ifluatex 2010/03/01 v1.3 Provides the ifluatex switch (HO)
Package ifluatex Info: LuaTeX not detected.
Package: ifvtex 2010/03/01 v1.5 Detect VTeX and its facilities (HO)
Package ifvtex Info: VTeX not detected.
Package: intcalc 2007/09/27 v1.1 Expandable calculations with integers (HO)
Package: ifpdf 2011/01/30 v2.3 Provides the ifpdf switch (HO)
Package ifpdf Info: pdfTeX in PDF mode is detected.
Package: etexcmds 2011/02/16 v1.5 Avoid name clashes with e-TeX commands (HO)
Package etexcmds Info: Could not find \expanded.
(etexcmds)             That can mean that you are not using pdfTeX 1.50 or
(etexcmds)             that some package has redefined \expanded.
(etexcmds)             In the latter case, load this package earlier.
Package: kvsetkeys 2012/04/25 v1.16 Key value parser (HO)
Package: kvdefinekeys 2011/04/07 v1.3 Define keys (HO)
Package: pdftexcmds 2011/11/29 v0.20 Utility functions of pdfTeX for LuaTeX (HO
)
Package pdftexcmds Info: LuaTeX not detected.
Package pdftexcmds Info: \pdf@primitive is available.
Package pdftexcmds Info: \pdf@ifprimitive is available.
Package pdftexcmds Info: \pdfdraftmode found.
Package: pdfescape 2011/11/25 v1.13 Implements pdfTeX's escape features (HO)
Package: bigintcalc 2012/04/08 v1.3 Expandable calculations on big integers (HO
)
Package: bitset 2011/01/30 v1.1 Handle bit-vector datatype (HO)
Package: uniquecounter 2011/01/30 v1.2 Provide unlimited unique counter (HO)
)
Package hobsub Info: Skipping package `hobsub' (already loaded).
Package: letltxmacro 2010/09/02 v1.4 Let assignment for LaTeX macros (HO)
Package: hopatch 2012/05/28 v1.2 Wrapper for package hooks (HO)
Package: xcolor-patch 2011/01/30 xcolor patch
Package: atveryend 2011/06/30 v1.8 Hooks at the very end of document (HO)
Package atveryend Info: \enddocument detected (standard20110627).
Package: atbegshi 2011/10/05 v1.16 At begin shipout hook (HO)
Package: refcount 2011/10/16 v3.4 Data extraction from label references (HO)
Package: hycolor 2011/01/30 v1.7 Color options for hyperref/bookmark (HO)
)
(/usr/local/texlive/2013/texmf-dist/tex/generic/ifxetex/ifxetex.sty
Package: ifxetex 2010/09/12 v0.6 Provides ifxetex conditional
)
(/usr/local/texlive/2013/texmf-dist/tex/latex/oberdiek/auxhook.sty
Package: auxhook 2011/03/04 v1.3 Hooks for auxiliary files (HO)
)
(/usr/local/texlive/2013/texmf-dist/tex/latex/oberdiek/kvoptions.sty
Package: kvoptions 2011/06/30 v3.11 Key value format for package options (HO)
)
\@linkdim=\dimen141
\Hy@linkcounter=\count106
\Hy@pagecounter=\count107

(/usr/local/texlive/2013/texmf-dist/tex/latex/hyperref/pd1enc.def
File: pd1enc.def 2012/11/06 v6.83m Hyperref: PDFDocEncoding definition (HO)
Now handling font encoding PD1 ...
... no UTF-8 mapping file for font encoding PD1
)
\Hy@SavedSpaceFactor=\count108

(/usr/local/texlive/2013/texmf-dist/tex/latex/latexconfig/hyperref.cfg
File: hyperref.cfg 2002/06/06 v1.2 hyperref configuration of TeXLive
)
Package hyperref Info: Hyper figures OFF on input line 4443.
Package hyperref Info: Link nesting OFF on input line 4448.
Package hyperref Info: Hyper index ON on input line 4451.
Package hyperref Info: Plain pages OFF on input line 4458.
Package hyperref Info: Backreferencing OFF on input line 4463.
Package hyperref Info: Implicit mode ON; LaTeX internals redefined.
Package hyperref Info: Bookmarks ON on input line 4688.
\c@Hy@tempcnt=\count109
LaTeX Info: Redefining \url on input line 5041.
\XeTeXLinkMargin=\dimen142
\Fld@menulength=\count110
\Field@Width=\dimen143
\Fld@charsize=\dimen144
Package hyperref Info: Hyper figures OFF on input line 6295.
Package hyperref Info: Link nesting OFF on input line 6300.
Package hyperref Info: Hyper index ON on input line 6303.
Package hyperref Info: backreferencing OFF on input line 6310.
Package hyperref Info: Link coloring OFF on input line 6315.
Package hyperref Info: Link coloring with OCG OFF on input line 6320.
Package hyperref Info: PDF/A mode OFF on input line 6325.
LaTeX Info: Redefining \ref on input line 6365.
LaTeX Info: Redefining \pageref on input line 6369.
\Hy@abspage=\count111
\c@Item=\count112
\c@Hfootnote=\count113
)

Package hyperref Message: Driver (autodetected): hpdftex.

(/usr/local/texlive/2013/texmf-dist/tex/latex/hyperref/hpdftex.def
File: hpdftex.def 2012/11/06 v6.83m Hyperref driver for pdfTeX
\Fld@listcount=\count114
\c@bookmark@seq@number=\count115

(/usr/local/texlive/2013/texmf-dist/tex/latex/oberdiek/rerunfilecheck.sty
Package: rerunfilecheck 2011/04/15 v1.7 Rerun checks for auxiliary files (HO)
Package uniquecounter Info: New unique counter `rerunfilecheck' on input line 2
82.
)
\Hy@SectionHShift=\skip48
)
(/usr/local/texlive/2013/texmf-dist/tex/latex/tools/verbatim.sty
Package: verbatim 2003/08/22 v1.5q LaTeX2e package for verbatim enhancements
\every@verbatim=\toks25
\verbatim@line=\toks26
\verbatim@in@stream=\read1
)
(/usr/local/texlive/2013/texmf-dist/tex/latex/amsfonts/amssymb.sty
Package: amssymb 2013/01/14 v3.01 AMS font symbols
)
(/usr/local/texlive/2013/texmf-dist/tex/latex/graphics/color.sty
Package: color 2005/11/14 v1.0j Standard LaTeX Color (DPC)

(/usr/local/texlive/2013/texmf-dist/tex/latex/latexconfig/color.cfg
File: color.cfg 2007/01/18 v1.5 color configuration of teTeX/TeXLive
)
Package color Info: Driver file: pdftex.def on input line 130.
)
(/usr/local/texlive/2013/texmf-dist/tex/latex/psfrag/psfrag.sty
Package: psfrag 1998/04/11 v3.04 PSfrag (MCG)
\pfg@pcount=\count116
\pfg@scount=\count117
\pfg@temp=\write3
)
(/usr/local/texlive/2013/texmf-dist/tex/generic/xypic/xypic.sty
(/usr/local/texlive/2013/texmf-dist/tex/generic/xypic/xy.sty
(/usr/local/texlive/2013/texmf-dist/tex/generic/xypic/xy.tex Bootstrap'ing:
catcodes, docmode,
(/usr/local/texlive/2013/texmf-dist/tex/generic/xypic/xyrecat.tex)
(/usr/local/texlive/2013/texmf-dist/tex/generic/xypic/xyidioms.tex)

 Xy-pic version 3.8.8 <2012/05/24>
 Copyright (c) 1991-2011 by Kristoffer H. Rose <krisrose@tug.org>
 Xy-pic is free software: see the User's Guide for details.

Loading kernel: messages; fonts; allocations: state,
\X@c=\dimen145
\Y@c=\dimen146
\U@c=\dimen147
\D@c=\dimen148
\L@c=\dimen149
\R@c=\dimen150
\Edge@c=\toks27
\X@p=\dimen151
\Y@p=\dimen152
\U@p=\dimen153
\D@p=\dimen154
\L@p=\dimen155
\R@p=\dimen156
\Edge@p=\toks28
\X@origin=\dimen157
\Y@origin=\dimen158
\X@xbase=\dimen159
\Y@xbase=\dimen160
\X@ybase=\dimen161
\Y@ybase=\dimen162
\X@min=\dimen163
\Y@min=\dimen164
\X@max=\dimen165
\Y@max=\dimen166
\lastobjectbox@=\box33
\zerodotbox@=\box34
\almostz@=\dimen167
 direction,
\d@X=\dimen168
\d@Y=\dimen169
\K@=\count118
\KK@=\count119
\Direction=\count120
\K@dXdY=\dimen170
\K@dYdX=\dimen171
\xyread@=\read2
\xywrite@=\write4
\csp@=\count121
\quotPTK@=\dimen172

utility macros; pictures: \xy, positions,
\swaptoks@@=\toks29
\connectobjectbox@@=\box35
 objects,
\styletoks@=\toks30
 decorations;
kernel objects: directionals, circles, text; options; algorithms: directions,
edges, connections;  Xy-pic loaded)

LaTeX Warning: You have requested package `xypic',
               but the package provides `xy'.

Package: xy 2012/05/24 Xy-pic version 3.8.8
(/usr/local/texlive/2013/texmf-dist/tex/generic/xypic/xypdf.tex
 Xy-pic option: PDF driver v.1.7 loaded))
(/usr/local/texlive/2013/texmf-dist/tex/generic/xypic/xyv2.tex
 Xy-pic option: Version 2 Compatibility v.3.8

Xy-pic Warning: `\stop' redefined.


Xy-pic Warning: `\rotate' redefined.

(/usr/local/texlive/2013/texmf-dist/tex/generic/xypic/xyframe.tex
 Xy-pic option: Frame and Bracket extension v.3.14 loaded)
Xy-pic pdf driver: `frame' extension support
(/usr/local/texlive/2013/texmf-dist/tex/generic/xypic/xypdf-fr.tex
(/usr/local/texlive/2013/texmf-dist/tex/generic/xypic/xycurve.tex
 Xy-pic option: Curve and Spline extension v.3.12 curve,
\crv@cnt@=\count122
\crvpts@=\toks31
\splinebox@=\box36
\splineval@=\dimen173
\splinedepth@=\dimen174
\splinetol@=\dimen175
\splinelength@=\dimen176
 circles,
\L@=\dimen177
 loaded)
Xy-pic pdf driver: `curve' extension support
(/usr/local/texlive/2013/texmf-dist/tex/generic/xypic/xypdf-cu.tex loaded)
loaded) (/usr/local/texlive/2013/texmf-dist/tex/generic/xypic/xymatrix.tex
 Xy-pic option: Matrix feature v.3.14
\Row=\count123
\Col=\count124
\queue@=\toks32
\queue@@=\toks33
\qcount@=\count125
\qcount@@=\count126
\matrixsize@=\count127
 loaded)
(/usr/local/texlive/2013/texmf-dist/tex/generic/xypic/xyarrow.tex
 Xy-pic option: Arrow and Path feature v.3.9 path, \ar, loaded) loaded))
(/usr/local/texlive/2013/texmf-dist/tex/latex/tools/indentfirst.sty
Package: indentfirst 1995/11/23 v1.03 Indent first paragraph (DPC)
)
(/usr/local/texlive/2013/texmf-dist/tex/latex/geometry/geometry.sty
Package: geometry 2010/09/12 v5.6 Page Geometry
\Gm@cnth=\count128
\Gm@cntv=\count129
\c@Gm@tempcnt=\count130
\Gm@bindingoffset=\dimen178
\Gm@wd@mp=\dimen179
\Gm@odd@mp=\dimen180
\Gm@even@mp=\dimen181
\Gm@layoutwidth=\dimen182
\Gm@layoutheight=\dimen183
\Gm@layouthoffset=\dimen184
\Gm@layoutvoffset=\dimen185
\Gm@dimlist=\toks34
)
(/usr/local/texlive/2013/texmf-dist/tex/latex/appendix/appendix.sty
Package: appendix 2009/09/02 v1.2b extra appendix facilities
\c@@pps=\count131
\c@@ppsavesec=\count132
\c@@ppsaveapp=\count133
)
(/usr/local/texlive/2013/texmf-dist/tex/latex/tabulary/tabulary.sty
Package: tabulary 2008/12/01 v0.9 tabulary package (DPC)

(/usr/local/texlive/2013/texmf-dist/tex/latex/tools/array.sty
Package: array 2008/09/09 v2.4c Tabular extension package (FMi)
\col@sep=\dimen186
\extrarowheight=\dimen187
\NC@list=\toks35
\extratabsurround=\skip49
\backup@length=\skip50
)
\TY@count=\count134
\TY@linewidth=\dimen188
\tymin=\dimen189
\tymax=\dimen190
\TY@tablewidth=\dimen191
)
(/usr/local/texlive/2013/texmf-dist/tex/latex/glossaries/base/glossaries.sty
Package: glossaries 2013/04/21 v3.05 (NLCT)

(/usr/local/texlive/2013/texmf-dist/tex/latex/xkeyval/xkeyval.sty
Package: xkeyval 2012/10/14 v2.6b package option processing (HA)

(/usr/local/texlive/2013/texmf-dist/tex/generic/xkeyval/xkeyval.tex
\XKV@toks=\toks36
\XKV@tempa@toks=\toks37
\XKV@depth=\count135
File: xkeyval.tex 2012/10/14 v2.6b key=value parser (HA)
))
(/usr/local/texlive/2013/texmf-dist/tex/latex/glossaries/base/mfirstuc.sty
Package: mfirstuc 2012/05/21 v1.06 (NLCT)

(/usr/local/texlive/2013/texmf-dist/tex/latex/etoolbox/etoolbox.sty
Package: etoolbox 2011/01/03 v2.1 e-TeX tools for LaTeX

(/usr/local/texlive/2013/texmf-dist/tex/latex/etex-pkg/etex.sty
Package: etex 1998/03/26 v2.0 eTeX basic definition package (PEB)
\et@xins=\count136
)
\etb@tempcnta=\count137
)
\@glsmfirst=\toks38
\@glsmrest=\toks39
)
(/usr/local/texlive/2013/texmf-dist/tex/latex/xfor/xfor.sty
Package: xfor 2009/02/05 v1.05 (NLCT)
)
(/usr/local/texlive/2013/texmf-dist/tex/latex/datatool/datatool-base.sty
Package: datatool-base 2013/01/15 v2.13 (NLCT)

(/usr/local/texlive/2013/texmf-dist/tex/latex/substr/substr.sty
Package: substr 2009/10/20 v1.2 Handle substrings
\c@su@anzahl=\count138
)
(/usr/local/texlive/2013/texmf-dist/tex/latex/datatool/datatool-fp.sty
Package: datatool-fp 2013/01/15 v2.13 (NLCT)

(/usr/local/texlive/2013/texmf-dist/tex/latex/fp/fp.sty
Package: fp 1995/04/02

`Fixed Point Package', Version 0.8, April 2, 1995 (C) Michael Mehlich
(/usr/local/texlive/2013/texmf-dist/tex/latex/fp/defpattern.sty
Package: defpattern 1994/10/12
\actioncount=\count139
)
(/usr/local/texlive/2013/texmf-dist/tex/latex/fp/fp-basic.sty
Package: fp-basic 1996/05/13
\FP@xs=\count140
\FP@xia=\count141
\FP@xib=\count142
\FP@xfa=\count143
\FP@xfb=\count144
\FP@rega=\count145
\FP@regb=\count146
\FP@regs=\count147
\FP@times=\count148
)
(/usr/local/texlive/2013/texmf-dist/tex/latex/fp/fp-addons.sty
Package: fp-addons 1995/03/15
)
(/usr/local/texlive/2013/texmf-dist/tex/latex/fp/fp-snap.sty
Package: fp-snap 1995/04/05
)
(/usr/local/texlive/2013/texmf-dist/tex/latex/fp/fp-exp.sty
Package: fp-exp 1995/04/03
)
(/usr/local/texlive/2013/texmf-dist/tex/latex/fp/fp-trigo.sty
Package: fp-trigo 1995/04/14
)
(/usr/local/texlive/2013/texmf-dist/tex/latex/fp/fp-pas.sty
Package: fp-pas 1994/08/29
)
(/usr/local/texlive/2013/texmf-dist/tex/latex/fp/fp-random.sty
Package: fp-random 1995/02/23
\FPseed=\count149
)
(/usr/local/texlive/2013/texmf-dist/tex/latex/fp/fp-eqn.sty
Package: fp-eqn 1995/04/03
)
(/usr/local/texlive/2013/texmf-dist/tex/latex/fp/fp-upn.sty
Package: fp-upn 1996/10/21
)
(/usr/local/texlive/2013/texmf-dist/tex/latex/fp/fp-eval.sty
Package: fp-eval 1995/04/03
)))
\@dtl@toks=\toks40
\@dtl@tmpcount=\count150
\dtl@tmplength=\skip51
\dtl@sortresult=\count151
\@dtl@numgrpsepcount=\count152
\@dtl@datatype=\count153
\dtl@codeA=\count154
\dtl@codeB=\count155
\@dtl@foreach@level=\count156
)
(/usr/local/texlive/2013/texmf-dist/tex/latex/beamer/translator/translator.sty
Package: translator 2010/06/12 ver 1.10

(/usr/local/texlive/2013/texmf-dist/tex/latex/beamer/translator/translator-lang
uage-mappings.tex))
\gls@level=\count157
\@gls@tmpb=\toks41
\gls@tmplen=\skip52
\glswrite=\write5
\glskeylisttok=\toks42
\glslabeltok=\toks43
\glsshorttok=\toks44
\glslongtok=\toks45

(/usr/local/texlive/2013/texmf-dist/tex/latex/glossaries/styles/glossary-hypern
av.sty
Package: glossary-hypernav 2007/07/04 v1.01 (NLCT)
)
(/usr/local/texlive/2013/texmf-dist/tex/latex/glossaries/styles/glossary-list.s
ty
Package: glossary-list 2012/11/11 v3.04 (NLCT)
\glslistdottedwidth=\skip53
)
(/usr/local/texlive/2013/texmf-dist/tex/latex/glossaries/styles/glossary-long.s
ty
Package: glossary-long 2012/09/21 v3.03 (NLCT)
 (/usr/local/texlive/2013/texmf-dist/tex/latex/tools/longtable.sty
Package: longtable 2004/02/01 v4.11 Multi-page Table package (DPC)
\LTleft=\skip54
\LTright=\skip55
\LTpre=\skip56
\LTpost=\skip57
\LTchunksize=\count158
\LTcapwidth=\dimen192
\LT@head=\box37
\LT@firsthead=\box38
\LT@foot=\box39
\LT@lastfoot=\box40
\LT@cols=\count159
\LT@rows=\count160
\c@LT@tables=\count161
\c@LT@chunks=\count162
\LT@p@ftn=\toks46
)
\glsdescwidth=\skip58
\glspagelistwidth=\skip59
)
(/usr/local/texlive/2013/texmf-dist/tex/latex/glossaries/styles/glossary-super.
sty
Package: glossary-super 2012/09/21 v3.03 (NLCT)
 (/usr/local/texlive/2013/texmf-dist/tex/latex/supertabular/supertabular.sty
Package: supertabular 2004/02/20 v4.1e the supertabular environment
\c@tracingst=\count163
\ST@wd=\dimen193
\ST@rightskip=\skip60
\ST@leftskip=\skip61
\ST@parfillskip=\skip62
\ST@pageleft=\dimen194
\ST@headht=\dimen195
\ST@tailht=\dimen196
\ST@pagesofar=\dimen197
\ST@pboxht=\dimen198
\ST@lineht=\dimen199
\ST@stretchht=\dimen200
\ST@prevht=\dimen201
\ST@toadd=\dimen202
\ST@dimen=\dimen203
\ST@pbox=\box41
))
(/usr/local/texlive/2013/texmf-dist/tex/latex/glossaries/styles/glossary-tree.s
ty
Package: glossary-tree 2012/09/21 v3.03 (NLCT)
\glstreeindent=\skip63
)) (/usr/local/texlive/2013/texmf-dist/tex/latex/pdfpages/pdfpages.sty
Package: pdfpages 2012/08/31 v0.4t Insert pages of external PDF documents (AM)

(/usr/local/texlive/2013/texmf-dist/tex/latex/tools/calc.sty
Package: calc 2007/08/22 v4.3 Infix arithmetic (KKT,FJ)
\calc@Acount=\count164
\calc@Bcount=\count165
\calc@Adimen=\dimen204
\calc@Bdimen=\dimen205
\calc@Askip=\skip64
\calc@Bskip=\skip65
LaTeX Info: Redefining \setlength on input line 76.
LaTeX Info: Redefining \addtolength on input line 77.
\calc@Ccount=\count166
\calc@Cskip=\skip66
)
(/usr/local/texlive/2013/texmf-dist/tex/latex/eso-pic/eso-pic.sty
Package: eso-pic 2010/10/06 v2.0c eso-pic (RN)
)
(/usr/local/texlive/2013/texmf-dist/tex/latex/pdfpages/pppdftex.def
File: pppdftex.def 2012/08/31 v0.4t Pdfpages driver for pdfTeX (AM)
)
\AM@pagebox=\box42
\AM@toc@title=\toks47
\c@AM@survey=\count167
\AM@templatesizebox=\box43
)
(/usr/local/texlive/2013/texmf-dist/tex/latex/fancyhdr/fancyhdr.sty
\fancy@headwidth=\skip67
\f@ncyO@elh=\skip68
\f@ncyO@erh=\skip69
\f@ncyO@olh=\skip70
\f@ncyO@orh=\skip71
\f@ncyO@elf=\skip72
\f@ncyO@erf=\skip73
\f@ncyO@olf=\skip74
\f@ncyO@orf=\skip75
)
\c@prop=\count168
\c@theo=\count169
\c@lemma=\count170
\c@constr=\count171
\c@defin=\count172
\c@ex=\count173
\c@alg=\count174
\c@cor=\count175
\c@pro=\count176
\c@COROLLARY=\count177
\c@EXAMPLE=\count178
\c@THEOREM=\count179
\c@REMARK=\count180

(./thesis.aux
LaTeX Info: Redefining \. on input line 24.
LaTeX Info: Redefining \% on input line 24.
LaTeX Info: Redefining \. on input line 28.
LaTeX Info: Redefining \% on input line 28.
LaTeX Info: Redefining \. on input line 147.
LaTeX Info: Redefining \% on input line 147.
)
\openout1 = `thesis.aux'.

LaTeX Font Info:    Checking defaults for OML/cmm/m/it on input line 244.
LaTeX Font Info:    ... okay on input line 244.
LaTeX Font Info:    Checking defaults for T1/cmr/m/n on input line 244.
LaTeX Font Info:    ... okay on input line 244.
LaTeX Font Info:    Checking defaults for OT1/cmr/m/n on input line 244.
LaTeX Font Info:    ... okay on input line 244.
LaTeX Font Info:    Checking defaults for OMS/cmsy/m/n on input line 244.
LaTeX Font Info:    ... okay on input line 244.
LaTeX Font Info:    Checking defaults for OMX/cmex/m/n on input line 244.
LaTeX Font Info:    ... okay on input line 244.
LaTeX Font Info:    Checking defaults for U/cmr/m/n on input line 244.
LaTeX Font Info:    ... okay on input line 244.
LaTeX Font Info:    Checking defaults for PD1/pdf/m/n on input line 244.
LaTeX Font Info:    ... okay on input line 244.
Package caption Info: Begin \AtBeginDocument code.
Package caption Info: hyperref package is loaded.
Package caption Info: longtable package is loaded.

(/usr/local/texlive/2013/texmf-dist/tex/latex/caption/ltcaption.sty
Package: ltcaption 2013/02/03 v1.3-62 longtable captions (AR)
)
Package caption Info: rotating package is loaded.
Package caption Info: supertabular package is loaded.
Package caption Info: End \AtBeginDocument code.
LaTeX Info: Redefining \. on input line 244.
LaTeX Info: Redefining \% on input line 244.

(/usr/local/texlive/2013/texmf-dist/tex/context/base/supp-pdf.mkii
[Loading MPS to PDF converter (version 2006.09.02).]
\scratchcounter=\count181
\scratchdimen=\dimen206
\scratchbox=\box44
\nofMPsegments=\count182
\nofMParguments=\count183
\everyMPshowfont=\toks48
\MPscratchCnt=\count184
\MPscratchDim=\dimen207
\MPnumerator=\count185
\makeMPintoPDFobject=\count186
\everyMPtoPDFconversion=\toks49
) (/usr/local/texlive/2013/texmf-dist/tex/latex/oberdiek/epstopdf-base.sty
Package: epstopdf-base 2010/02/09 v2.5 Base part for package epstopdf

(/usr/local/texlive/2013/texmf-dist/tex/latex/oberdiek/grfext.sty
Package: grfext 2010/08/19 v1.1 Manage graphics extensions (HO)
)
Package grfext Info: Graphics extension search list:
(grfext)             [.png,.pdf,.jpg,.mps,.jpeg,.jbig2,.jb2,.PNG,.PDF,.JPG,.JPE
G,.JBIG2,.JB2,.eps]
(grfext)             \AppendGraphicsExtensions on input line 452.

(/usr/local/texlive/2013/texmf-dist/tex/latex/latexconfig/epstopdf-sys.cfg
File: epstopdf-sys.cfg 2010/07/13 v1.3 Configuration of (r)epstopdf for TeX Liv
e
))
\AtBeginShipoutBox=\box45
Package hyperref Info: Link coloring OFF on input line 244.

(/usr/local/texlive/2013/texmf-dist/tex/latex/hyperref/nameref.sty
Package: nameref 2012/10/27 v2.43 Cross-referencing by name of section

(/usr/local/texlive/2013/texmf-dist/tex/generic/oberdiek/gettitlestring.sty
Package: gettitlestring 2010/12/03 v1.4 Cleanup title references (HO)
)
\c@section@level=\count187
)
LaTeX Info: Redefining \ref on input line 244.
LaTeX Info: Redefining \pageref on input line 244.
LaTeX Info: Redefining \nameref on input line 244.

(./thesis.out) (./thesis.out)
\@outlinefile=\write6
\openout6 = `thesis.out'.

LaTeX Font Info:    Try loading font information for U+lasy on input line 244.

(/usr/local/texlive/2013/texmf-dist/tex/latex/base/ulasy.fd
File: ulasy.fd 1998/08/17 v2.2e LaTeX symbol font definitions
)
LaTeX Font Info:    Try loading font information for U+msa on input line 244.

(/usr/local/texlive/2013/texmf-dist/tex/latex/amsfonts/umsa.fd
File: umsa.fd 2013/01/14 v3.01 AMS symbols A
)
LaTeX Font Info:    Try loading font information for U+msb on input line 244.

(/usr/local/texlive/2013/texmf-dist/tex/latex/amsfonts/umsb.fd
File: umsb.fd 2013/01/14 v3.01 AMS symbols B
)
Package xypdf Info: Line width: 0.47998pt on input line 244.

*geometry* driver: auto-detecting
*geometry* detected driver: pdftex

Package geometry Warning: The marginal notes overrun the paper.
     Add 9.64174pt and more to the right margin.

*geometry* verbose mode - [ preamble ] result:
* driver: pdftex
* paper: a4paper
* layout: <same size as paper>
* layoutoffset:(h,v)=(0.0pt,0.0pt)
* modes: twoside 
* h-part:(L,W,R)=(85.35826pt, 426.79135pt, 85.35826pt)
* v-part:(T,H,B)=(85.35826pt, 674.33032pt, 85.35826pt)
* \paperwidth=597.50787pt
* \paperheight=845.04684pt
* \textwidth=426.79135pt
* \textheight=674.33032pt
* \oddsidemargin=13.08827pt
* \evensidemargin=13.08827pt
* \topmargin=-27.36447pt
* \headheight=12.0pt
* \headsep=28.45274pt
* \topskip=12.0pt
* \footskip=30.0pt
* \marginparwidth=88.0pt
* \marginparsep=7.0pt
* \columnsep=10.0pt
* \skip\footins=10.8pt plus 4.0pt minus 2.0pt
* \hoffset=0.0pt
* \voffset=0.0pt
* \mag=1000
* \@twocolumnfalse
* \@twosidetrue
* \@mparswitchtrue
* \@reversemarginfalse
* (1in=72.27pt=25.4mm, 1cm=28.453pt)


(/usr/local/texlive/2013/texmf-dist/tex/latex/glossaries/dict/glossaries-dictio
nary-English.dict
Dictionary: glossaries-dictionary, Language: English 
) (./portada.tex
\longTitulo=\skip76

<figuras/LogoUCM.pdf, id=84, 399.4925pt x 456.70625pt>
File: figuras/LogoUCM.pdf Graphic file (type pdf)

<use figuras/LogoUCM.pdf>
Package pdftex.def Info: figuras/LogoUCM.pdf used on input line 24.
(pdftex.def)             Requested size: 399.49152pt x 456.70512pt.
Package babel Info: Redefining spanish shorthand <<
(babel)             in language  on input line 72.
Package babel Info: Redefining spanish shorthand >>
(babel)             in language  on input line 72.
Package babel Info: Redefining spanish shorthand "=
(babel)             in language  on input line 72.
Package babel Info: Redefining spanish shorthand "~
(babel)             in language  on input line 72.
Package babel Info: Redefining spanish shorthand "!
(babel)             in language  on input line 72.
Package babel Info: Redefining spanish shorthand "?
(babel)             in language  on input line 72.
Package babel Info: Redefining spanish shorthand <<
(babel)             in language  on input line 72.
Package babel Info: Redefining spanish shorthand >>
(babel)             in language  on input line 72.
Package babel Info: Redefining spanish shorthand "=
(babel)             in language  on input line 72.
Package babel Info: Redefining spanish shorthand "~
(babel)             in language  on input line 72.
Package babel Info: Redefining spanish shorthand "!
(babel)             in language  on input line 72.
Package babel Info: Redefining spanish shorthand "?
(babel)             in language  on input line 72.
 [1
Non-PDF special ignored!


{/usr/local/texlive/2013/texmf-var/fonts/map/pdftex/updmap/pdftex.map} <./figur
as/LogoUCM.pdf>]
Package babel Info: Redefining spanish shorthand <<
(babel)             in language  on input line 77.
Package babel Info: Redefining spanish shorthand >>
(babel)             in language  on input line 77.
Package babel Info: Redefining spanish shorthand "=
(babel)             in language  on input line 77.
Package babel Info: Redefining spanish shorthand "~
(babel)             in language  on input line 77.
Package babel Info: Redefining spanish shorthand "!
(babel)             in language  on input line 77.
Package babel Info: Redefining spanish shorthand "?
(babel)             in language  on input line 77.
Package babel Info: Redefining spanish shorthand <<
(babel)             in language  on input line 77.
Package babel Info: Redefining spanish shorthand >>
(babel)             in language  on input line 77.
Package babel Info: Redefining spanish shorthand "=
(babel)             in language  on input line 77.
Package babel Info: Redefining spanish shorthand "~
(babel)             in language  on input line 77.
Package babel Info: Redefining spanish shorthand "!
(babel)             in language  on input line 77.
Package babel Info: Redefining spanish shorthand "?
(babel)             in language  on input line 77.
 [2])
LaTeX Info: Redefining \. on input line 292.
LaTeX Info: Redefining \% on input line 292.
 (./thesis.toc
LaTeX Info: Redefining \. on input line 1.
LaTeX Info: Redefining \% on input line 1.
LaTeX Info: Redefining \. on input line 2.
LaTeX Info: Redefining \% on input line 2.
LaTeX Info: Redefining \. on input line 27.
LaTeX Info: Redefining \% on input line 27.
)
\tf@toc=\write7
\openout7 = `thesis.toc'.

Package babel Info: Redefining spanish shorthand <<
(babel)             in language  on input line 326.
Package babel Info: Redefining spanish shorthand >>
(babel)             in language  on input line 326.
Package babel Info: Redefining spanish shorthand "=
(babel)             in language  on input line 326.
Package babel Info: Redefining spanish shorthand "~
(babel)             in language  on input line 326.
Package babel Info: Redefining spanish shorthand "!
(babel)             in language  on input line 326.
Package babel Info: Redefining spanish shorthand "?
(babel)             in language  on input line 326.
Package babel Info: Redefining spanish shorthand <<
(babel)             in language  on input line 326.
Package babel Info: Redefining spanish shorthand >>
(babel)             in language  on input line 326.
Package babel Info: Redefining spanish shorthand "=
(babel)             in language  on input line 326.
Package babel Info: Redefining spanish shorthand "~
(babel)             in language  on input line 326.
Package babel Info: Redefining spanish shorthand "!
(babel)             in language  on input line 326.
Package babel Info: Redefining spanish shorthand "?
(babel)             in language  on input line 326.
 [1


]
Package babel Info: Redefining spanish shorthand <<
(babel)             in language  on input line 326.
Package babel Info: Redefining spanish shorthand >>
(babel)             in language  on input line 326.
Package babel Info: Redefining spanish shorthand "=
(babel)             in language  on input line 326.
Package babel Info: Redefining spanish shorthand "~
(babel)             in language  on input line 326.
Package babel Info: Redefining spanish shorthand "!
(babel)             in language  on input line 326.
Package babel Info: Redefining spanish shorthand "?
(babel)             in language  on input line 326.
Package babel Info: Redefining spanish shorthand <<
(babel)             in language  on input line 326.
Package babel Info: Redefining spanish shorthand >>
(babel)             in language  on input line 326.
Package babel Info: Redefining spanish shorthand "=
(babel)             in language  on input line 326.
Package babel Info: Redefining spanish shorthand "~
(babel)             in language  on input line 326.
Package babel Info: Redefining spanish shorthand "!
(babel)             in language  on input line 326.
Package babel Info: Redefining spanish shorthand "?
(babel)             in language  on input line 326.
pdfTeX warning (ext4): destination with the same identifier (name{page.}) has b
een already used, duplicate ignored
<to be read again> 
                   \relax 
l.326 \chapter
              {Objetivos de este trabajo} [2

]
Cap\'{\i }tulo 1.
Package babel Info: Redefining spanish shorthand <<
(babel)             in language  on input line 326.
Package babel Info: Redefining spanish shorthand >>
(babel)             in language  on input line 326.
Package babel Info: Redefining spanish shorthand "=
(babel)             in language  on input line 326.
Package babel Info: Redefining spanish shorthand "~
(babel)             in language  on input line 326.
Package babel Info: Redefining spanish shorthand "!
(babel)             in language  on input line 326.
Package babel Info: Redefining spanish shorthand "?
(babel)             in language  on input line 326.
(./objetivos.tex)
Package babel Info: Redefining spanish shorthand <<
(babel)             in language  on input line 331.
Package babel Info: Redefining spanish shorthand >>
(babel)             in language  on input line 331.
Package babel Info: Redefining spanish shorthand "=
(babel)             in language  on input line 331.
Package babel Info: Redefining spanish shorthand "~
(babel)             in language  on input line 331.
Package babel Info: Redefining spanish shorthand "!
(babel)             in language  on input line 331.
Package babel Info: Redefining spanish shorthand "?
(babel)             in language  on input line 331.
Package babel Info: Redefining spanish shorthand <<
(babel)             in language  on input line 331.
Package babel Info: Redefining spanish shorthand >>
(babel)             in language  on input line 331.
Package babel Info: Redefining spanish shorthand "=
(babel)             in language  on input line 331.
Package babel Info: Redefining spanish shorthand "~
(babel)             in language  on input line 331.
Package babel Info: Redefining spanish shorthand "!
(babel)             in language  on input line 331.
Package babel Info: Redefining spanish shorthand "?
(babel)             in language  on input line 331.
 [1]
Package babel Info: Redefining spanish shorthand <<
(babel)             in language  on input line 331.
Package babel Info: Redefining spanish shorthand >>
(babel)             in language  on input line 331.
Package babel Info: Redefining spanish shorthand "=
(babel)             in language  on input line 331.
Package babel Info: Redefining spanish shorthand "~
(babel)             in language  on input line 331.
Package babel Info: Redefining spanish shorthand "!
(babel)             in language  on input line 331.
Package babel Info: Redefining spanish shorthand "?
(babel)             in language  on input line 331.
Package babel Info: Redefining spanish shorthand <<
(babel)             in language  on input line 331.
Package babel Info: Redefining spanish shorthand >>
(babel)             in language  on input line 331.
Package babel Info: Redefining spanish shorthand "=
(babel)             in language  on input line 331.
Package babel Info: Redefining spanish shorthand "~
(babel)             in language  on input line 331.
Package babel Info: Redefining spanish shorthand "!
(babel)             in language  on input line 331.
Package babel Info: Redefining spanish shorthand "?
(babel)             in language  on input line 331.
 [2

]
Cap\'{\i }tulo 2.
Package babel Info: Redefining spanish shorthand <<
(babel)             in language  on input line 331.
Package babel Info: Redefining spanish shorthand >>
(babel)             in language  on input line 331.
Package babel Info: Redefining spanish shorthand "=
(babel)             in language  on input line 331.
Package babel Info: Redefining spanish shorthand "~
(babel)             in language  on input line 331.
Package babel Info: Redefining spanish shorthand "!
(babel)             in language  on input line 331.
Package babel Info: Redefining spanish shorthand "?
(babel)             in language  on input line 331.
(./intro.tex
Underfull \hbox (badness 10000) in paragraph at lines 1--2

 []


Underfull \hbox (badness 10000) in paragraph at lines 3--4

 []


Underfull \vbox (badness 1565) has occurred while \output is active []

Package babel Info: Redefining spanish shorthand <<
(babel)             in language  on input line 6.
Package babel Info: Redefining spanish shorthand >>
(babel)             in language  on input line 6.
Package babel Info: Redefining spanish shorthand "=
(babel)             in language  on input line 6.
Package babel Info: Redefining spanish shorthand "~
(babel)             in language  on input line 6.
Package babel Info: Redefining spanish shorthand "!
(babel)             in language  on input line 6.
Package babel Info: Redefining spanish shorthand "?
(babel)             in language  on input line 6.
Package babel Info: Redefining spanish shorthand <<
(babel)             in language  on input line 6.
Package babel Info: Redefining spanish shorthand >>
(babel)             in language  on input line 6.
Package babel Info: Redefining spanish shorthand "=
(babel)             in language  on input line 6.
Package babel Info: Redefining spanish shorthand "~
(babel)             in language  on input line 6.
Package babel Info: Redefining spanish shorthand "!
(babel)             in language  on input line 6.
Package babel Info: Redefining spanish shorthand "?
(babel)             in language  on input line 6.
pdfTeX warning (ext4): destination with the same identifier (name{page.1}) has 
been already used, duplicate ignored
<to be read again> 
                   \relax 
l.6 \begin{itemize}
                    [1]
Underfull \hbox (badness 10000) in paragraph at lines 13--14

 []


Underfull \hbox (badness 10000) in paragraph at lines 15--17

 []


Underfull \hbox (badness 10000) in paragraph at lines 18--20

 []

)
Package babel Info: Redefining spanish shorthand <<
(babel)             in language  on input line 335.
Package babel Info: Redefining spanish shorthand >>
(babel)             in language  on input line 335.
Package babel Info: Redefining spanish shorthand "=
(babel)             in language  on input line 335.
Package babel Info: Redefining spanish shorthand "~
(babel)             in language  on input line 335.
Package babel Info: Redefining spanish shorthand "!
(babel)             in language  on input line 335.
Package babel Info: Redefining spanish shorthand "?
(babel)             in language  on input line 335.
Package babel Info: Redefining spanish shorthand <<
(babel)             in language  on input line 335.
Package babel Info: Redefining spanish shorthand >>
(babel)             in language  on input line 335.
Package babel Info: Redefining spanish shorthand "=
(babel)             in language  on input line 335.
Package babel Info: Redefining spanish shorthand "~
(babel)             in language  on input line 335.
Package babel Info: Redefining spanish shorthand "!
(babel)             in language  on input line 335.
Package babel Info: Redefining spanish shorthand "?
(babel)             in language  on input line 335.
pdfTeX warning (ext4): destination with the same identifier (name{page.2}) has 
been already used, duplicate ignored
<to be read again> 
                   \relax 
l.335 
       [2]
Package babel Info: Redefining spanish shorthand <<
(babel)             in language  on input line 336.
Package babel Info: Redefining spanish shorthand >>
(babel)             in language  on input line 336.
Package babel Info: Redefining spanish shorthand "=
(babel)             in language  on input line 336.
Package babel Info: Redefining spanish shorthand "~
(babel)             in language  on input line 336.
Package babel Info: Redefining spanish shorthand "!
(babel)             in language  on input line 336.
Package babel Info: Redefining spanish shorthand "?
(babel)             in language  on input line 336.
Package babel Info: Redefining spanish shorthand <<
(babel)             in language  on input line 336.
Package babel Info: Redefining spanish shorthand >>
(babel)             in language  on input line 336.
Package babel Info: Redefining spanish shorthand "=
(babel)             in language  on input line 336.
Package babel Info: Redefining spanish shorthand "~
(babel)             in language  on input line 336.
Package babel Info: Redefining spanish shorthand "!
(babel)             in language  on input line 336.
Package babel Info: Redefining spanish shorthand "?
(babel)             in language  on input line 336.
 [3]
Package babel Info: Redefining spanish shorthand <<
(babel)             in language  on input line 336.
Package babel Info: Redefining spanish shorthand >>
(babel)             in language  on input line 336.
Package babel Info: Redefining spanish shorthand "=
(babel)             in language  on input line 336.
Package babel Info: Redefining spanish shorthand "~
(babel)             in language  on input line 336.
Package babel Info: Redefining spanish shorthand "!
(babel)             in language  on input line 336.
Package babel Info: Redefining spanish shorthand "?
(babel)             in language  on input line 336.
Package babel Info: Redefining spanish shorthand <<
(babel)             in language  on input line 336.
Package babel Info: Redefining spanish shorthand >>
(babel)             in language  on input line 336.
Package babel Info: Redefining spanish shorthand "=
(babel)             in language  on input line 336.
Package babel Info: Redefining spanish shorthand "~
(babel)             in language  on input line 336.
Package babel Info: Redefining spanish shorthand "!
(babel)             in language  on input line 336.
Package babel Info: Redefining spanish shorthand "?
(babel)             in language  on input line 336.
 [4

]
Cap\'{\i }tulo 3.
Package babel Info: Redefining spanish shorthand <<
(babel)             in language  on input line 336.
Package babel Info: Redefining spanish shorthand >>
(babel)             in language  on input line 336.
Package babel Info: Redefining spanish shorthand "=
(babel)             in language  on input line 336.
Package babel Info: Redefining spanish shorthand "~
(babel)             in language  on input line 336.
Package babel Info: Redefining spanish shorthand "!
(babel)             in language  on input line 336.
Package babel Info: Redefining spanish shorthand "?
(babel)             in language  on input line 336.
(./botnet.tex
Package babel Info: Redefining spanish shorthand <<
(babel)             in language  on input line 7.
Package babel Info: Redefining spanish shorthand >>
(babel)             in language  on input line 7.
Package babel Info: Redefining spanish shorthand "=
(babel)             in language  on input line 7.
Package babel Info: Redefining spanish shorthand "~
(babel)             in language  on input line 7.
Package babel Info: Redefining spanish shorthand "!
(babel)             in language  on input line 7.
Package babel Info: Redefining spanish shorthand "?
(babel)             in language  on input line 7.
Package babel Info: Redefining spanish shorthand <<
(babel)             in language  on input line 9.
Package babel Info: Redefining spanish shorthand >>
(babel)             in language  on input line 9.
Package babel Info: Redefining spanish shorthand "=
(babel)             in language  on input line 9.
Package babel Info: Redefining spanish shorthand "~
(babel)             in language  on input line 9.
Package babel Info: Redefining spanish shorthand "!
(babel)             in language  on input line 9.
Package babel Info: Redefining spanish shorthand "?
(babel)             in language  on input line 9.
Package babel Info: Redefining spanish shorthand <<
(babel)             in language  on input line 9.
Package babel Info: Redefining spanish shorthand >>
(babel)             in language  on input line 9.
Package babel Info: Redefining spanish shorthand "=
(babel)             in language  on input line 9.
Package babel Info: Redefining spanish shorthand "~
(babel)             in language  on input line 9.
Package babel Info: Redefining spanish shorthand "!
(babel)             in language  on input line 9.
Package babel Info: Redefining spanish shorthand "?
(babel)             in language  on input line 9.
pdfTeX warning (ext4): destination with the same identifier (name{page.1}) has 
been already used, duplicate ignored
<to be read again> 
                   \relax 
l.9 \begin{itemize}
                    [1])
Package babel Info: Redefining spanish shorthand <<
(babel)             in language  on input line 341.
Package babel Info: Redefining spanish shorthand >>
(babel)             in language  on input line 341.
Package babel Info: Redefining spanish shorthand "=
(babel)             in language  on input line 341.
Package babel Info: Redefining spanish shorthand "~
(babel)             in language  on input line 341.
Package babel Info: Redefining spanish shorthand "!
(babel)             in language  on input line 341.
Package babel Info: Redefining spanish shorthand "?
(babel)             in language  on input line 341.
Package babel Info: Redefining spanish shorthand <<
(babel)             in language  on input line 341.
Package babel Info: Redefining spanish shorthand >>
(babel)             in language  on input line 341.
Package babel Info: Redefining spanish shorthand "=
(babel)             in language  on input line 341.
Package babel Info: Redefining spanish shorthand "~
(babel)             in language  on input line 341.
Package babel Info: Redefining spanish shorthand "!
(babel)             in language  on input line 341.
Package babel Info: Redefining spanish shorthand "?
(babel)             in language  on input line 341.
pdfTeX warning (ext4): destination with the same identifier (name{page.2}) has 
been already used, duplicate ignored
<to be read again> 
                   \relax 
l.341 \chapter
              {Ataques de Denegacin de Servicio} [2]
Cap\'{\i }tulo 4.
Package babel Info: Redefining spanish shorthand <<
(babel)             in language  on input line 341.
Package babel Info: Redefining spanish shorthand >>
(babel)             in language  on input line 341.
Package babel Info: Redefining spanish shorthand "=
(babel)             in language  on input line 341.
Package babel Info: Redefining spanish shorthand "~
(babel)             in language  on input line 341.
Package babel Info: Redefining spanish shorthand "!
(babel)             in language  on input line 341.
Package babel Info: Redefining spanish shorthand "?
(babel)             in language  on input line 341.
(./ataques.tex
Package babel Info: Redefining spanish shorthand <<
(babel)             in language  on input line 3.
Package babel Info: Redefining spanish shorthand >>
(babel)             in language  on input line 3.
Package babel Info: Redefining spanish shorthand "=
(babel)             in language  on input line 3.
Package babel Info: Redefining spanish shorthand "~
(babel)             in language  on input line 3.
Package babel Info: Redefining spanish shorthand "!
(babel)             in language  on input line 3.
Package babel Info: Redefining spanish shorthand "?
(babel)             in language  on input line 3.
Package babel Info: Redefining spanish shorthand <<
(babel)             in language  on input line 6.
Package babel Info: Redefining spanish shorthand >>
(babel)             in language  on input line 6.
Package babel Info: Redefining spanish shorthand "=
(babel)             in language  on input line 6.
Package babel Info: Redefining spanish shorthand "~
(babel)             in language  on input line 6.
Package babel Info: Redefining spanish shorthand "!
(babel)             in language  on input line 6.
Package babel Info: Redefining spanish shorthand "?
(babel)             in language  on input line 6.
Package babel Info: Redefining spanish shorthand <<
(babel)             in language  on input line 18.
Package babel Info: Redefining spanish shorthand >>
(babel)             in language  on input line 18.
Package babel Info: Redefining spanish shorthand "=
(babel)             in language  on input line 18.
Package babel Info: Redefining spanish shorthand "~
(babel)             in language  on input line 18.
Package babel Info: Redefining spanish shorthand "!
(babel)             in language  on input line 18.
Package babel Info: Redefining spanish shorthand "?
(babel)             in language  on input line 18.
Package babel Info: Redefining spanish shorthand <<
(babel)             in language  on input line 18.
Package babel Info: Redefining spanish shorthand >>
(babel)             in language  on input line 18.
Package babel Info: Redefining spanish shorthand "=
(babel)             in language  on input line 18.
Package babel Info: Redefining spanish shorthand "~
(babel)             in language  on input line 18.
Package babel Info: Redefining spanish shorthand "!
(babel)             in language  on input line 18.
Package babel Info: Redefining spanish shorthand "?
(babel)             in language  on input line 18.
pdfTeX warning (ext4): destination with the same identifier (name{page.1}) has 
been already used, duplicate ignored
<to be read again> 
                   \relax 
l.18 \subsection
                {Inundacin NTP} [1

]
Package babel Info: Redefining spanish shorthand <<
(babel)             in language  on input line 18.
Package babel Info: Redefining spanish shorthand >>
(babel)             in language  on input line 18.
Package babel Info: Redefining spanish shorthand "=
(babel)             in language  on input line 18.
Package babel Info: Redefining spanish shorthand "~
(babel)             in language  on input line 18.
Package babel Info: Redefining spanish shorthand "!
(babel)             in language  on input line 18.
Package babel Info: Redefining spanish shorthand "?
(babel)             in language  on input line 18.
Package babel Info: Redefining spanish shorthand <<
(babel)             in language  on input line 24.
Package babel Info: Redefining spanish shorthand >>
(babel)             in language  on input line 24.
Package babel Info: Redefining spanish shorthand "=
(babel)             in language  on input line 24.
Package babel Info: Redefining spanish shorthand "~
(babel)             in language  on input line 24.
Package babel Info: Redefining spanish shorthand "!
(babel)             in language  on input line 24.
Package babel Info: Redefining spanish shorthand "?
(babel)             in language  on input line 24.
Package babel Info: Redefining spanish shorthand <<
(babel)             in language  on input line 27.
Package babel Info: Redefining spanish shorthand >>
(babel)             in language  on input line 27.
Package babel Info: Redefining spanish shorthand "=
(babel)             in language  on input line 27.
Package babel Info: Redefining spanish shorthand "~
(babel)             in language  on input line 27.
Package babel Info: Redefining spanish shorthand "!
(babel)             in language  on input line 27.
Package babel Info: Redefining spanish shorthand "?
(babel)             in language  on input line 27.
Package babel Info: Redefining spanish shorthand <<
(babel)             in language  on input line 30.
Package babel Info: Redefining spanish shorthand >>
(babel)             in language  on input line 30.
Package babel Info: Redefining spanish shorthand "=
(babel)             in language  on input line 30.
Package babel Info: Redefining spanish shorthand "~
(babel)             in language  on input line 30.
Package babel Info: Redefining spanish shorthand "!
(babel)             in language  on input line 30.
Package babel Info: Redefining spanish shorthand "?
(babel)             in language  on input line 30.

Underfull \vbox (badness 1552) has occurred while \output is active []

Package babel Info: Redefining spanish shorthand <<
(babel)             in language  on input line 32.
Package babel Info: Redefining spanish shorthand >>
(babel)             in language  on input line 32.
Package babel Info: Redefining spanish shorthand "=
(babel)             in language  on input line 32.
Package babel Info: Redefining spanish shorthand "~
(babel)             in language  on input line 32.
Package babel Info: Redefining spanish shorthand "!
(babel)             in language  on input line 32.
Package babel Info: Redefining spanish shorthand "?
(babel)             in language  on input line 32.
Package babel Info: Redefining spanish shorthand <<
(babel)             in language  on input line 32.
Package babel Info: Redefining spanish shorthand >>
(babel)             in language  on input line 32.
Package babel Info: Redefining spanish shorthand "=
(babel)             in language  on input line 32.
Package babel Info: Redefining spanish shorthand "~
(babel)             in language  on input line 32.
Package babel Info: Redefining spanish shorthand "!
(babel)             in language  on input line 32.
Package babel Info: Redefining spanish shorthand "?
(babel)             in language  on input line 32.
pdfTeX warning (ext4): destination with the same identifier (name{page.2}) has 
been already used, duplicate ignored
<to be read again> 
                   \relax 
l.32 
      [2]
Package babel Info: Redefining spanish shorthand <<
(babel)             in language  on input line 33.
Package babel Info: Redefining spanish shorthand >>
(babel)             in language  on input line 33.
Package babel Info: Redefining spanish shorthand "=
(babel)             in language  on input line 33.
Package babel Info: Redefining spanish shorthand "~
(babel)             in language  on input line 33.
Package babel Info: Redefining spanish shorthand "!
(babel)             in language  on input line 33.
Package babel Info: Redefining spanish shorthand "?
(babel)             in language  on input line 33.
Package babel Info: Redefining spanish shorthand <<
(babel)             in language  on input line 47.
Package babel Info: Redefining spanish shorthand >>
(babel)             in language  on input line 47.
Package babel Info: Redefining spanish shorthand "=
(babel)             in language  on input line 47.
Package babel Info: Redefining spanish shorthand "~
(babel)             in language  on input line 47.
Package babel Info: Redefining spanish shorthand "!
(babel)             in language  on input line 47.
Package babel Info: Redefining spanish shorthand "?
(babel)             in language  on input line 47.
Package babel Info: Redefining spanish shorthand <<
(babel)             in language  on input line 47.
Package babel Info: Redefining spanish shorthand >>
(babel)             in language  on input line 47.
Package babel Info: Redefining spanish shorthand "=
(babel)             in language  on input line 47.
Package babel Info: Redefining spanish shorthand "~
(babel)             in language  on input line 47.
Package babel Info: Redefining spanish shorthand "!
(babel)             in language  on input line 47.
Package babel Info: Redefining spanish shorthand "?
(babel)             in language  on input line 47.
pdfTeX warning (ext4): destination with the same identifier (name{page.3}) has 
been already used, duplicate ignored
<to be read again> 
                   \relax 
l.47 
      [3]
Package babel Info: Redefining spanish shorthand <<
(babel)             in language  on input line 48.
Package babel Info: Redefining spanish shorthand >>
(babel)             in language  on input line 48.
Package babel Info: Redefining spanish shorthand "=
(babel)             in language  on input line 48.
Package babel Info: Redefining spanish shorthand "~
(babel)             in language  on input line 48.
Package babel Info: Redefining spanish shorthand "!
(babel)             in language  on input line 48.
Package babel Info: Redefining spanish shorthand "?
(babel)             in language  on input line 48.
)
Package babel Info: Redefining spanish shorthand <<
(babel)             in language  on input line 346.
Package babel Info: Redefining spanish shorthand >>
(babel)             in language  on input line 346.
Package babel Info: Redefining spanish shorthand "=
(babel)             in language  on input line 346.
Package babel Info: Redefining spanish shorthand "~
(babel)             in language  on input line 346.
Package babel Info: Redefining spanish shorthand "!
(babel)             in language  on input line 346.
Package babel Info: Redefining spanish shorthand "?
(babel)             in language  on input line 346.
Package babel Info: Redefining spanish shorthand <<
(babel)             in language  on input line 346.
Package babel Info: Redefining spanish shorthand >>
(babel)             in language  on input line 346.
Package babel Info: Redefining spanish shorthand "=
(babel)             in language  on input line 346.
Package babel Info: Redefining spanish shorthand "~
(babel)             in language  on input line 346.
Package babel Info: Redefining spanish shorthand "!
(babel)             in language  on input line 346.
Package babel Info: Redefining spanish shorthand "?
(babel)             in language  on input line 346.
pdfTeX warning (ext4): destination with the same identifier (name{page.4}) has 
been already used, duplicate ignored
<to be read again> 
                   \relax 
l.346 \chapter
              {Estrategias defensivas} [4]
Cap\'{\i }tulo 5.
Package babel Info: Redefining spanish shorthand <<
(babel)             in language  on input line 346.
Package babel Info: Redefining spanish shorthand >>
(babel)             in language  on input line 346.
Package babel Info: Redefining spanish shorthand "=
(babel)             in language  on input line 346.
Package babel Info: Redefining spanish shorthand "~
(babel)             in language  on input line 346.
Package babel Info: Redefining spanish shorthand "!
(babel)             in language  on input line 346.
Package babel Info: Redefining spanish shorthand "?
(babel)             in language  on input line 346.
(./defensas.tex
Package babel Info: Redefining spanish shorthand <<
(babel)             in language  on input line 3.
Package babel Info: Redefining spanish shorthand >>
(babel)             in language  on input line 3.
Package babel Info: Redefining spanish shorthand "=
(babel)             in language  on input line 3.
Package babel Info: Redefining spanish shorthand "~
(babel)             in language  on input line 3.
Package babel Info: Redefining spanish shorthand "!
(babel)             in language  on input line 3.
Package babel Info: Redefining spanish shorthand "?
(babel)             in language  on input line 3.
Package babel Info: Redefining spanish shorthand <<
(babel)             in language  on input line 6.
Package babel Info: Redefining spanish shorthand >>
(babel)             in language  on input line 6.
Package babel Info: Redefining spanish shorthand "=
(babel)             in language  on input line 6.
Package babel Info: Redefining spanish shorthand "~
(babel)             in language  on input line 6.
Package babel Info: Redefining spanish shorthand "!
(babel)             in language  on input line 6.
Package babel Info: Redefining spanish shorthand "?
(babel)             in language  on input line 6.

Underfull \hbox (badness 10000) in paragraph at lines 7--8

 []

Package babel Info: Redefining spanish shorthand <<
(babel)             in language  on input line 8.
Package babel Info: Redefining spanish shorthand >>
(babel)             in language  on input line 8.
Package babel Info: Redefining spanish shorthand "=
(babel)             in language  on input line 8.
Package babel Info: Redefining spanish shorthand "~
(babel)             in language  on input line 8.
Package babel Info: Redefining spanish shorthand "!
(babel)             in language  on input line 8.
Package babel Info: Redefining spanish shorthand "?
(babel)             in language  on input line 8.
Package babel Info: Redefining spanish shorthand <<
(babel)             in language  on input line 8.
Package babel Info: Redefining spanish shorthand >>
(babel)             in language  on input line 8.
Package babel Info: Redefining spanish shorthand "=
(babel)             in language  on input line 8.
Package babel Info: Redefining spanish shorthand "~
(babel)             in language  on input line 8.
Package babel Info: Redefining spanish shorthand "!
(babel)             in language  on input line 8.
Package babel Info: Redefining spanish shorthand "?
(babel)             in language  on input line 8.
pdfTeX warning (ext4): destination with the same identifier (name{page.1}) has 
been already used, duplicate ignored
<to be read again> 
                   \relax 
l.8 
     [1

]
Package babel Info: Redefining spanish shorthand <<
(babel)             in language  on input line 13.
Package babel Info: Redefining spanish shorthand >>
(babel)             in language  on input line 13.
Package babel Info: Redefining spanish shorthand "=
(babel)             in language  on input line 13.
Package babel Info: Redefining spanish shorthand "~
(babel)             in language  on input line 13.
Package babel Info: Redefining spanish shorthand "!
(babel)             in language  on input line 13.
Package babel Info: Redefining spanish shorthand "?
(babel)             in language  on input line 13.

Underfull \hbox (badness 10000) in paragraph at lines 14--15

 []

Package babel Info: Redefining spanish shorthand <<
(babel)             in language  on input line 15.
Package babel Info: Redefining spanish shorthand >>
(babel)             in language  on input line 15.
Package babel Info: Redefining spanish shorthand "=
(babel)             in language  on input line 15.
Package babel Info: Redefining spanish shorthand "~
(babel)             in language  on input line 15.
Package babel Info: Redefining spanish shorthand "!
(babel)             in language  on input line 15.
Package babel Info: Redefining spanish shorthand "?
(babel)             in language  on input line 15.
Package babel Info: Redefining spanish shorthand <<
(babel)             in language  on input line 15.
Package babel Info: Redefining spanish shorthand >>
(babel)             in language  on input line 15.
Package babel Info: Redefining spanish shorthand "=
(babel)             in language  on input line 15.
Package babel Info: Redefining spanish shorthand "~
(babel)             in language  on input line 15.
Package babel Info: Redefining spanish shorthand "!
(babel)             in language  on input line 15.
Package babel Info: Redefining spanish shorthand "?
(babel)             in language  on input line 15.
pdfTeX warning (ext4): destination with the same identifier (name{page.2}) has 
been already used, duplicate ignored
<to be read again> 
                   \relax 
l.15 
      [2]
Package babel Info: Redefining spanish shorthand <<
(babel)             in language  on input line 18.
Package babel Info: Redefining spanish shorthand >>
(babel)             in language  on input line 18.
Package babel Info: Redefining spanish shorthand "=
(babel)             in language  on input line 18.
Package babel Info: Redefining spanish shorthand "~
(babel)             in language  on input line 18.
Package babel Info: Redefining spanish shorthand "!
(babel)             in language  on input line 18.
Package babel Info: Redefining spanish shorthand "?
(babel)             in language  on input line 18.
)
Package babel Info: Redefining spanish shorthand <<
(babel)             in language  on input line 351.
Package babel Info: Redefining spanish shorthand >>
(babel)             in language  on input line 351.
Package babel Info: Redefining spanish shorthand "=
(babel)             in language  on input line 351.
Package babel Info: Redefining spanish shorthand "~
(babel)             in language  on input line 351.
Package babel Info: Redefining spanish shorthand "!
(babel)             in language  on input line 351.
Package babel Info: Redefining spanish shorthand "?
(babel)             in language  on input line 351.
Package babel Info: Redefining spanish shorthand <<
(babel)             in language  on input line 351.
Package babel Info: Redefining spanish shorthand >>
(babel)             in language  on input line 351.
Package babel Info: Redefining spanish shorthand "=
(babel)             in language  on input line 351.
Package babel Info: Redefining spanish shorthand "~
(babel)             in language  on input line 351.
Package babel Info: Redefining spanish shorthand "!
(babel)             in language  on input line 351.
Package babel Info: Redefining spanish shorthand "?
(babel)             in language  on input line 351.
pdfTeX warning (ext4): destination with the same identifier (name{page.3}) has 
been already used, duplicate ignored
<to be read again> 
                   \relax 
l.351 \chapter
              {Mtodos de evaluacin} [3]
Package babel Info: Redefining spanish shorthand <<
(babel)             in language  on input line 351.
Package babel Info: Redefining spanish shorthand >>
(babel)             in language  on input line 351.
Package babel Info: Redefining spanish shorthand "=
(babel)             in language  on input line 351.
Package babel Info: Redefining spanish shorthand "~
(babel)             in language  on input line 351.
Package babel Info: Redefining spanish shorthand "!
(babel)             in language  on input line 351.
Package babel Info: Redefining spanish shorthand "?
(babel)             in language  on input line 351.
Package babel Info: Redefining spanish shorthand <<
(babel)             in language  on input line 351.
Package babel Info: Redefining spanish shorthand >>
(babel)             in language  on input line 351.
Package babel Info: Redefining spanish shorthand "=
(babel)             in language  on input line 351.
Package babel Info: Redefining spanish shorthand "~
(babel)             in language  on input line 351.
Package babel Info: Redefining spanish shorthand "!
(babel)             in language  on input line 351.
Package babel Info: Redefining spanish shorthand "?
(babel)             in language  on input line 351.
pdfTeX warning (ext4): destination with the same identifier (name{page.4}) has 
been already used, duplicate ignored
<to be read again> 
                   \relax 
l.351 \chapter
              {Mtodos de evaluacin} [4

]
Cap\'{\i }tulo 6.
Package babel Info: Redefining spanish shorthand <<
(babel)             in language  on input line 351.
Package babel Info: Redefining spanish shorthand >>
(babel)             in language  on input line 351.
Package babel Info: Redefining spanish shorthand "=
(babel)             in language  on input line 351.
Package babel Info: Redefining spanish shorthand "~
(babel)             in language  on input line 351.
Package babel Info: Redefining spanish shorthand "!
(babel)             in language  on input line 351.
Package babel Info: Redefining spanish shorthand "?
(babel)             in language  on input line 351.
(./evaluacion.tex)
Package babel Info: Redefining spanish shorthand <<
(babel)             in language  on input line 371.
Package babel Info: Redefining spanish shorthand >>
(babel)             in language  on input line 371.
Package babel Info: Redefining spanish shorthand "=
(babel)             in language  on input line 371.
Package babel Info: Redefining spanish shorthand "~
(babel)             in language  on input line 371.
Package babel Info: Redefining spanish shorthand "!
(babel)             in language  on input line 371.
Package babel Info: Redefining spanish shorthand "?
(babel)             in language  on input line 371.
Package babel Info: Redefining spanish shorthand <<
(babel)             in language  on input line 371.
Package babel Info: Redefining spanish shorthand >>
(babel)             in language  on input line 371.
Package babel Info: Redefining spanish shorthand "=
(babel)             in language  on input line 371.
Package babel Info: Redefining spanish shorthand "~
(babel)             in language  on input line 371.
Package babel Info: Redefining spanish shorthand "!
(babel)             in language  on input line 371.
Package babel Info: Redefining spanish shorthand "?
(babel)             in language  on input line 371.
pdfTeX warning (ext4): destination with the same identifier (name{page.1}) has 
been already used, duplicate ignored
<to be read again> 
                   \relax 
l.371 \chapter
              {Valoracin personal} [1]
Package babel Info: Redefining spanish shorthand <<
(babel)             in language  on input line 371.
Package babel Info: Redefining spanish shorthand >>
(babel)             in language  on input line 371.
Package babel Info: Redefining spanish shorthand "=
(babel)             in language  on input line 371.
Package babel Info: Redefining spanish shorthand "~
(babel)             in language  on input line 371.
Package babel Info: Redefining spanish shorthand "!
(babel)             in language  on input line 371.
Package babel Info: Redefining spanish shorthand "?
(babel)             in language  on input line 371.
Package babel Info: Redefining spanish shorthand <<
(babel)             in language  on input line 371.
Package babel Info: Redefining spanish shorthand >>
(babel)             in language  on input line 371.
Package babel Info: Redefining spanish shorthand "=
(babel)             in language  on input line 371.
Package babel Info: Redefining spanish shorthand "~
(babel)             in language  on input line 371.
Package babel Info: Redefining spanish shorthand "!
(babel)             in language  on input line 371.
Package babel Info: Redefining spanish shorthand "?
(babel)             in language  on input line 371.
pdfTeX warning (ext4): destination with the same identifier (name{page.2}) has 
been already used, duplicate ignored
<to be read again> 
                   \relax 
l.371 \chapter
              {Valoracin personal} [2

]
Cap\'{\i }tulo 7.
Package babel Info: Redefining spanish shorthand <<
(babel)             in language  on input line 371.
Package babel Info: Redefining spanish shorthand >>
(babel)             in language  on input line 371.
Package babel Info: Redefining spanish shorthand "=
(babel)             in language  on input line 371.
Package babel Info: Redefining spanish shorthand "~
(babel)             in language  on input line 371.
Package babel Info: Redefining spanish shorthand "!
(babel)             in language  on input line 371.
Package babel Info: Redefining spanish shorthand "?
(babel)             in language  on input line 371.
(./valoracion.tex) (./bibliografia.tex
Package babel Info: Redefining spanish shorthand <<
(babel)             in language  on input line 1.
Package babel Info: Redefining spanish shorthand >>
(babel)             in language  on input line 1.
Package babel Info: Redefining spanish shorthand "=
(babel)             in language  on input line 1.
Package babel Info: Redefining spanish shorthand "~
(babel)             in language  on input line 1.
Package babel Info: Redefining spanish shorthand "!
(babel)             in language  on input line 1.
Package babel Info: Redefining spanish shorthand "?
(babel)             in language  on input line 1.
Package babel Info: Redefining spanish shorthand <<
(babel)             in language  on input line 1.
Package babel Info: Redefining spanish shorthand >>
(babel)             in language  on input line 1.
Package babel Info: Redefining spanish shorthand "=
(babel)             in language  on input line 1.
Package babel Info: Redefining spanish shorthand "~
(babel)             in language  on input line 1.
Package babel Info: Redefining spanish shorthand "!
(babel)             in language  on input line 1.
Package babel Info: Redefining spanish shorthand "?
(babel)             in language  on input line 1.
pdfTeX warning (ext4): destination with the same identifier (name{page.1}) has 
been already used, duplicate ignored
<to be read again> 
                   \relax 
l.1 \begin{thebibliography}{11}
                                [1]
Package babel Info: Redefining spanish shorthand <<
(babel)             in language  on input line 1.
Package babel Info: Redefining spanish shorthand >>
(babel)             in language  on input line 1.
Package babel Info: Redefining spanish shorthand "=
(babel)             in language  on input line 1.
Package babel Info: Redefining spanish shorthand "~
(babel)             in language  on input line 1.
Package babel Info: Redefining spanish shorthand "!
(babel)             in language  on input line 1.
Package babel Info: Redefining spanish shorthand "?
(babel)             in language  on input line 1.
Package babel Info: Redefining spanish shorthand <<
(babel)             in language  on input line 1.
Package babel Info: Redefining spanish shorthand >>
(babel)             in language  on input line 1.
Package babel Info: Redefining spanish shorthand "=
(babel)             in language  on input line 1.
Package babel Info: Redefining spanish shorthand "~
(babel)             in language  on input line 1.
Package babel Info: Redefining spanish shorthand "!
(babel)             in language  on input line 1.
Package babel Info: Redefining spanish shorthand "?
(babel)             in language  on input line 1.
pdfTeX warning (ext4): destination with the same identifier (name{page.2}) has 
been already used, duplicate ignored
<to be read again> 
                   \relax 
l.1 \begin{thebibliography}{11}
                                [2

]
Underfull \hbox (badness 10000) in paragraph at lines 5--6
[]\OT1/cmr/m/n/12 Akamai (2016).''Q1 2016 Sta-te of the In-ter-net''. Avai-la-b
le:
 []


Underfull \hbox (badness 10000) in paragraph at lines 5--6
[]$\OT1/cmtt/m/n/12 https : / / www . akamai . com / uk / en / about / news / p
ress / 2016-[]press /
 []


Overfull \hbox (53.1364pt too wide) in paragraph at lines 5--6
\OT1/cmtt/m/n/12 akamai-[]releases-[]first-[]quarter-[]2016-[]state-[]of-[]the-
[]internet-[]security-[]report .
 []


Underfull \hbox (badness 5908) in paragraph at lines 8--9
\OT1/cmr/m/n/12 Sur-vey''. Avai-la-ble: []$\OT1/cmtt/m/n/12 https : / / www . s
ans . org / reading-[]room / whitepapers /
 []

Package babel Info: Redefining spanish shorthand <<
(babel)             in language  on input line 30.
Package babel Info: Redefining spanish shorthand >>
(babel)             in language  on input line 30.
Package babel Info: Redefining spanish shorthand "=
(babel)             in language  on input line 30.
Package babel Info: Redefining spanish shorthand "~
(babel)             in language  on input line 30.
Package babel Info: Redefining spanish shorthand "!
(babel)             in language  on input line 30.
Package babel Info: Redefining spanish shorthand "?
(babel)             in language  on input line 30.
Package babel Info: Redefining spanish shorthand <<
(babel)             in language  on input line 30.
Package babel Info: Redefining spanish shorthand >>
(babel)             in language  on input line 30.
Package babel Info: Redefining spanish shorthand "=
(babel)             in language  on input line 30.
Package babel Info: Redefining spanish shorthand "~
(babel)             in language  on input line 30.
Package babel Info: Redefining spanish shorthand "!
(babel)             in language  on input line 30.
Package babel Info: Redefining spanish shorthand "?
(babel)             in language  on input line 30.
pdfTeX warning (ext4): destination with the same identifier (name{page.3}) has 
been already used, duplicate ignored
<to be read again> 
                   \relax 
l.30 
      [3]
Package babel Info: Redefining spanish shorthand <<
(babel)             in language  on input line 63.
Package babel Info: Redefining spanish shorthand >>
(babel)             in language  on input line 63.
Package babel Info: Redefining spanish shorthand "=
(babel)             in language  on input line 63.
Package babel Info: Redefining spanish shorthand "~
(babel)             in language  on input line 63.
Package babel Info: Redefining spanish shorthand "!
(babel)             in language  on input line 63.
Package babel Info: Redefining spanish shorthand "?
(babel)             in language  on input line 63.
Package babel Info: Redefining spanish shorthand <<
(babel)             in language  on input line 63.
Package babel Info: Redefining spanish shorthand >>
(babel)             in language  on input line 63.
Package babel Info: Redefining spanish shorthand "=
(babel)             in language  on input line 63.
Package babel Info: Redefining spanish shorthand "~
(babel)             in language  on input line 63.
Package babel Info: Redefining spanish shorthand "!
(babel)             in language  on input line 63.
Package babel Info: Redefining spanish shorthand "?
(babel)             in language  on input line 63.
pdfTeX warning (ext4): destination with the same identifier (name{page.4}) has 
been already used, duplicate ignored
<to be read again> 
                   \relax 
l.63 
      [4]
Underfull \hbox (badness 10000) in paragraph at lines 77--78
[]\OT1/cmr/m/n/12 PCMag (2014). Avai-la-ble: []$\OT1/cmtt/m/n/12 http : / / www
 . pcmag . com / article2 / 0 ,[] 2817 ,[]
 []


Underfull \hbox (badness 2707) in paragraph at lines 83--84
[]\OT1/cmr/m/n/12 TheHackerNews (2016). Avai-la-ble: []$\OT1/cmtt/m/n/12 http :
 / / thehackernews . com / 2016 / 01 /
 []


Underfull \hbox (badness 10000) in paragraph at lines 86--87
[]\OT1/cmr/m/n/12 Cloudfare (2013). Avai-la-ble: []$\OT1/cmtt/m/n/12 https : / 
/ blog . cloudflare . com /
 []


Overfull \hbox (46.4614pt too wide) in paragraph at lines 89--90
\OT1/cmtt/m/n/12 thousands-[]french-[]websites-[]face-[]ddos-[]attacks-[]since-
[]charlie-[]hebdo-[]massacre$[] 
 []


Underfull \hbox (badness 10000) in paragraph at lines 104--105
[]\OT1/cmr/m/n/12 Cloudfare (2014). ''Un-ders-tan-ding and mi-ti-ga-ting NTP-ba
sed
 []


Underfull \hbox (badness 10000) in paragraph at lines 104--105
\OT1/cmr/m/n/12 DDoS at-tacks''. Avai-la-ble: []$\OT1/cmtt/m/n/12 https : / / b
log . cloudflare . com /
 []

Package babel Info: Redefining spanish shorthand <<
(babel)             in language  on input line 108.
Package babel Info: Redefining spanish shorthand >>
(babel)             in language  on input line 108.
Package babel Info: Redefining spanish shorthand "=
(babel)             in language  on input line 108.
Package babel Info: Redefining spanish shorthand "~
(babel)             in language  on input line 108.
Package babel Info: Redefining spanish shorthand "!
(babel)             in language  on input line 108.
Package babel Info: Redefining spanish shorthand "?
(babel)             in language  on input line 108.
Package babel Info: Redefining spanish shorthand <<
(babel)             in language  on input line 108.
Package babel Info: Redefining spanish shorthand >>
(babel)             in language  on input line 108.
Package babel Info: Redefining spanish shorthand "=
(babel)             in language  on input line 108.
Package babel Info: Redefining spanish shorthand "~
(babel)             in language  on input line 108.
Package babel Info: Redefining spanish shorthand "!
(babel)             in language  on input line 108.
Package babel Info: Redefining spanish shorthand "?
(babel)             in language  on input line 108.
[5])
LaTeX Info: Redefining \. on input line 378.
LaTeX Info: Redefining \% on input line 378.


Package glossaries Warning: \makeglossaries hasn't been used,
the glossaries will not be updated.


Package glossaries Warning: No \printglossary or \printglossaries found.
This document will not have a glossary.

Package atveryend Info: Empty hook `BeforeClearDocument' on input line 380.
LaTeX Info: Redefining \. on input line 380.
LaTeX Info: Redefining \% on input line 380.

Package Fancyhdr Warning: \headheight is too small (12.0pt): 
 Make it at least 15.71669pt.
 We now make it that large for the rest of the document.
 This may cause the page layout to be inconsistent, however.

Package babel Info: Redefining spanish shorthand <<
(babel)             in language  on input line 380.
Package babel Info: Redefining spanish shorthand >>
(babel)             in language  on input line 380.
Package babel Info: Redefining spanish shorthand "=
(babel)             in language  on input line 380.
Package babel Info: Redefining spanish shorthand "~
(babel)             in language  on input line 380.
Package babel Info: Redefining spanish shorthand "!
(babel)             in language  on input line 380.
Package babel Info: Redefining spanish shorthand "?
(babel)             in language  on input line 380.
Package babel Info: Redefining spanish shorthand <<
(babel)             in language  on input line 380.
Package babel Info: Redefining spanish shorthand >>
(babel)             in language  on input line 380.
Package babel Info: Redefining spanish shorthand "=
(babel)             in language  on input line 380.
Package babel Info: Redefining spanish shorthand "~
(babel)             in language  on input line 380.
Package babel Info: Redefining spanish shorthand "!
(babel)             in language  on input line 380.
Package babel Info: Redefining spanish shorthand "?
(babel)             in language  on input line 380.
[6]
Package atveryend Info: Empty hook `AfterLastShipout' on input line 380.
 (./thesis.aux
LaTeX Info: Redefining \. on input line 24.
LaTeX Info: Redefining \% on input line 24.
LaTeX Info: Redefining \. on input line 28.
LaTeX Info: Redefining \% on input line 28.
LaTeX Info: Redefining \. on input line 147.
LaTeX Info: Redefining \% on input line 147.
)
Package atveryend Info: Executing hook `AtVeryEndDocument' on input line 380.
Package atveryend Info: Executing hook `AtEndAfterFileList' on input line 380.
Package rerunfilecheck Info: File `thesis.out' has not changed.
(rerunfilecheck)             Checksum: 997B0044984168D20A2507B762791B6D;1365.
Package atveryend Info: Empty hook `AtVeryVeryEnd' on input line 380.
 )
(\end occurred inside a group at level 1)

### semi simple group (level 1) entered at line 4 (\begingroup)
### bottom level 
Here is how much of TeX's memory you used:
 15874 strings out of 493315
 220411 string characters out of 6137904
 424955 words of memory out of 5000000
 18905 multiletter control sequences out of 15000+600000
 12405 words of font info for 50 fonts, out of 8000000 for 9000
 957 hyphenation exceptions out of 8191
 46i,12n,48p,1916b,13855s stack positions out of 5000i,500n,10000p,200000b,80000s
</usr/local/texlive/2013/texmf-dist/fonts/type1/public/amsfonts
/cm/cmbx12.pfb></usr/local/texlive/2013/texmf-dist/fonts/type1/public/amsfonts/
cm/cmcsc10.pfb></usr/local/texlive/2013/texmf-dist/fonts/type1/public/amsfonts/
cm/cmmi12.pfb></usr/local/texlive/2013/texmf-dist/fonts/type1/public/amsfonts/c
m/cmr12.pfb></usr/local/texlive/2013/texmf-dist/fonts/type1/public/amsfonts/cm/
cmti12.pfb></usr/local/texlive/2013/texmf-dist/fonts/type1/public/amsfonts/cm/c
mtt12.pfb>
Output written on thesis.pdf (28 pages, 197336 bytes).
PDF statistics:
 376 PDF objects out of 1000 (max. 8388607)
 332 compressed objects within 4 object streams
 76 named destinations out of 1000 (max. 500000)
 166 words of extra memory for PDF output out of 10000 (max. 10000000)

